{"/home/travis/build/npmtest/node-npmtest-columns/test.js":{"path":"/home/travis/build/npmtest/node-npmtest-columns/test.js","s":{"1":2,"2":2,"3":2,"4":2,"5":2,"6":2,"7":2,"8":1,"9":2,"10":2,"11":1,"12":1,"13":1,"14":1,"15":2,"16":2,"17":2,"18":2,"19":1,"20":1,"21":2,"22":2,"23":2,"24":1,"25":1,"26":1,"27":1,"28":1,"29":1,"30":1,"31":1,"32":1,"33":1,"34":1,"35":1,"36":1,"37":1,"38":1,"39":2,"40":2,"41":1,"42":2,"43":2,"44":1,"45":2,"46":2,"47":1,"48":2,"49":2,"50":1,"51":1,"52":1,"53":1,"54":1},"b":{"1":[2,1,1,1],"2":[1,1,1,1],"3":[1,1],"4":[1,1],"5":[1,1],"6":[1,1],"7":[1,1],"8":[1,1],"9":[1,1],"10":[1,1,1],"11":[1,1],"12":[1,1],"13":[1,1],"14":[1,1],"15":[1,1],"16":[1,1],"17":[1,1]},"f":{"1":2,"2":2,"3":2,"4":2,"5":2,"6":1,"7":1,"8":1,"9":2,"10":2,"11":2,"12":2,"13":1},"fnMap":{"1":{"name":"(anonymous_1)","line":12,"loc":{"start":{"line":12,"column":1},"end":{"line":12,"column":13}}},"2":{"name":"(anonymous_2)","line":19,"loc":{"start":{"line":19,"column":5},"end":{"line":19,"column":17}}},"3":{"name":"(anonymous_3)","line":23,"loc":{"start":{"line":23,"column":24},"end":{"line":23,"column":36}}},"4":{"name":"(anonymous_4)","line":61,"loc":{"start":{"line":61,"column":5},"end":{"line":61,"column":17}}},"5":{"name":"(anonymous_5)","line":82,"loc":{"start":{"line":82,"column":5},"end":{"line":82,"column":17}}},"6":{"name":"(anonymous_6)","line":91,"loc":{"start":{"line":91,"column":77},"end":{"line":94,"column":10}}},"7":{"name":"(anonymous_7)","line":112,"loc":{"start":{"line":112,"column":83},"end":{"line":115,"column":10}},"skip":true},"8":{"name":"(anonymous_8)","line":123,"loc":{"start":{"line":123,"column":77},"end":{"line":126,"column":10}},"skip":true},"9":{"name":"(anonymous_9)","line":139,"loc":{"start":{"line":139,"column":12},"end":{"line":139,"column":40}},"skip":true},"10":{"name":"(anonymous_10)","line":147,"loc":{"start":{"line":147,"column":77},"end":{"line":150,"column":10}},"skip":true},"11":{"name":"(anonymous_11)","line":158,"loc":{"start":{"line":158,"column":83},"end":{"line":161,"column":10}},"skip":true},"12":{"name":"(anonymous_12)","line":169,"loc":{"start":{"line":169,"column":79},"end":{"line":172,"column":10}},"skip":true},"13":{"name":"(anonymous_13)","line":180,"loc":{"start":{"line":180,"column":75},"end":{"line":183,"column":10}},"skip":true}},"statementMap":{"1":{"start":{"line":12,"column":0},"end":{"line":195,"column":5}},"2":{"start":{"line":14,"column":4},"end":{"line":14,"column":14}},"3":{"start":{"line":19,"column":4},"end":{"line":56,"column":9}},"4":{"start":{"line":21,"column":8},"end":{"line":21,"column":19}},"5":{"start":{"line":23,"column":8},"end":{"line":35,"column":13}},"6":{"start":{"line":24,"column":12},"end":{"line":34,"column":13}},"7":{"start":{"line":25,"column":16},"end":{"line":28,"column":30}},"8":{"start":{"line":30,"column":16},"end":{"line":33,"column":27}},"9":{"start":{"line":37,"column":8},"end":{"line":39,"column":21}},"10":{"start":{"line":40,"column":8},"end":{"line":53,"column":9}},"11":{"start":{"line":43,"column":12},"end":{"line":46,"column":14}},"12":{"start":{"line":47,"column":12},"end":{"line":47,"column":18}},"13":{"start":{"line":50,"column":12},"end":{"line":51,"column":46}},"14":{"start":{"line":52,"column":12},"end":{"line":52,"column":18}},"15":{"start":{"line":55,"column":8},"end":{"line":55,"column":35}},"16":{"start":{"line":61,"column":4},"end":{"line":63,"column":9}},"17":{"start":{"line":62,"column":8},"end":{"line":62,"column":15}},"18":{"start":{"line":64,"column":4},"end":{"line":77,"column":5}},"19":{"start":{"line":70,"column":8},"end":{"line":70,"column":14}},"20":{"start":{"line":76,"column":8},"end":{"line":76,"column":14}},"21":{"start":{"line":82,"column":4},"end":{"line":84,"column":9}},"22":{"start":{"line":83,"column":8},"end":{"line":83,"column":15}},"23":{"start":{"line":85,"column":4},"end":{"line":194,"column":5}},"24":{"start":{"line":91,"column":8},"end":{"line":99,"column":10}},"25":{"start":{"line":98,"column":12},"end":{"line":98,"column":35}},"26":{"start":{"line":102,"column":8},"end":{"line":104,"column":63}},"27":{"start":{"line":105,"column":8},"end":{"line":105,"column":14}},"28":{"start":{"line":112,"column":8},"end":{"line":121,"column":10},"skip":true},"29":{"start":{"line":119,"column":12},"end":{"line":119,"column":55},"skip":true},"30":{"start":{"line":120,"column":12},"end":{"line":120,"column":48},"skip":true},"31":{"start":{"line":123,"column":8},"end":{"line":136,"column":10},"skip":true},"32":{"start":{"line":130,"column":12},"end":{"line":130,"column":76},"skip":true},"33":{"start":{"line":131,"column":12},"end":{"line":131,"column":73},"skip":true},"34":{"start":{"line":132,"column":12},"end":{"line":132,"column":74},"skip":true},"35":{"start":{"line":133,"column":12},"end":{"line":133,"column":79},"skip":true},"36":{"start":{"line":134,"column":12},"end":{"line":134,"column":25},"skip":true},"37":{"start":{"line":135,"column":12},"end":{"line":135,"column":45},"skip":true},"38":{"start":{"line":138,"column":8},"end":{"line":145,"column":14},"skip":true},"39":{"start":{"line":143,"column":16},"end":{"line":143,"column":29},"skip":true},"40":{"start":{"line":144,"column":16},"end":{"line":144,"column":55},"skip":true},"41":{"start":{"line":147,"column":8},"end":{"line":156,"column":10},"skip":true},"42":{"start":{"line":154,"column":12},"end":{"line":154,"column":25},"skip":true},"43":{"start":{"line":155,"column":12},"end":{"line":155,"column":45},"skip":true},"44":{"start":{"line":158,"column":8},"end":{"line":167,"column":10},"skip":true},"45":{"start":{"line":165,"column":12},"end":{"line":165,"column":25},"skip":true},"46":{"start":{"line":166,"column":12},"end":{"line":166,"column":48},"skip":true},"47":{"start":{"line":169,"column":8},"end":{"line":178,"column":10},"skip":true},"48":{"start":{"line":176,"column":12},"end":{"line":176,"column":25},"skip":true},"49":{"start":{"line":177,"column":12},"end":{"line":177,"column":46},"skip":true},"50":{"start":{"line":180,"column":8},"end":{"line":189,"column":10},"skip":true},"51":{"start":{"line":187,"column":12},"end":{"line":187,"column":94},"skip":true},"52":{"start":{"line":188,"column":12},"end":{"line":188,"column":48},"skip":true},"53":{"start":{"line":192,"column":8},"end":{"line":192,"column":35},"skip":true},"54":{"start":{"line":193,"column":8},"end":{"line":193,"column":14},"skip":true}},"branchMap":{"1":{"line":25,"type":"binary-expr","locations":[{"start":{"line":25,"column":23},"end":{"line":25,"column":62}},{"start":{"line":26,"column":20},"end":{"line":26,"column":70}},{"start":{"line":27,"column":20},"end":{"line":27,"column":71}},{"start":{"line":28,"column":20},"end":{"line":28,"column":29}}]},"2":{"line":30,"type":"binary-expr","locations":[{"start":{"line":30,"column":23},"end":{"line":30,"column":37}},{"start":{"line":31,"column":20},"end":{"line":31,"column":61}},{"start":{"line":32,"column":20},"end":{"line":32,"column":70}},{"start":{"line":33,"column":20},"end":{"line":33,"column":26}}]},"3":{"line":37,"type":"cond-expr","locations":[{"start":{"line":38,"column":14},"end":{"line":38,"column":20}},{"start":{"line":39,"column":14},"end":{"line":39,"column":20}}]},"4":{"line":40,"type":"switch","locations":[{"start":{"line":42,"column":8},"end":{"line":47,"column":18}},{"start":{"line":49,"column":8},"end":{"line":52,"column":18}}]},"5":{"line":44,"type":"binary-expr","locations":[{"start":{"line":44,"column":16},"end":{"line":44,"column":44}},{"start":{"line":44,"column":48},"end":{"line":44,"column":66}}]},"6":{"line":50,"type":"binary-expr","locations":[{"start":{"line":50,"column":21},"end":{"line":50,"column":49}},{"start":{"line":50,"column":53},"end":{"line":50,"column":72}}]},"7":{"line":64,"type":"switch","locations":[{"start":{"line":69,"column":4},"end":{"line":70,"column":14}},{"start":{"line":75,"column":4},"end":{"line":76,"column":14}}]},"8":{"line":85,"type":"switch","locations":[{"start":{"line":90,"column":4},"end":{"line":105,"column":14}},{"start":{"line":111,"column":4},"end":{"line":193,"column":14},"skip":true}]},"9":{"line":91,"type":"binary-expr","locations":[{"start":{"line":91,"column":42},"end":{"line":91,"column":73}},{"start":{"line":91,"column":77},"end":{"line":99,"column":9}}]},"10":{"line":102,"type":"binary-expr","locations":[{"start":{"line":102,"column":18},"end":{"line":102,"column":32}},{"start":{"line":103,"column":12},"end":{"line":103,"column":53}},{"start":{"line":104,"column":12},"end":{"line":104,"column":61}}]},"11":{"line":112,"type":"binary-expr","locations":[{"start":{"line":112,"column":45},"end":{"line":112,"column":79},"skip":true},{"start":{"line":112,"column":83},"end":{"line":121,"column":9},"skip":true}]},"12":{"line":123,"type":"binary-expr","locations":[{"start":{"line":123,"column":42},"end":{"line":123,"column":73},"skip":true},{"start":{"line":123,"column":77},"end":{"line":136,"column":9},"skip":true}]},"13":{"line":138,"type":"binary-expr","locations":[{"start":{"line":138,"column":48},"end":{"line":138,"column":85},"skip":true},{"start":{"line":139,"column":12},"end":{"line":145,"column":13},"skip":true}]},"14":{"line":147,"type":"binary-expr","locations":[{"start":{"line":147,"column":42},"end":{"line":147,"column":73},"skip":true},{"start":{"line":147,"column":77},"end":{"line":156,"column":9},"skip":true}]},"15":{"line":158,"type":"binary-expr","locations":[{"start":{"line":158,"column":45},"end":{"line":158,"column":79},"skip":true},{"start":{"line":158,"column":83},"end":{"line":167,"column":9},"skip":true}]},"16":{"line":169,"type":"binary-expr","locations":[{"start":{"line":169,"column":43},"end":{"line":169,"column":75},"skip":true},{"start":{"line":169,"column":79},"end":{"line":178,"column":9},"skip":true}]},"17":{"line":180,"type":"binary-expr","locations":[{"start":{"line":180,"column":41},"end":{"line":180,"column":71},"skip":true},{"start":{"line":180,"column":75},"end":{"line":189,"column":9},"skip":true}]}},"code":["/* istanbul instrument in package npmtest_columns */","/*jslint","    bitwise: true,","    browser: true,","    maxerr: 8,","    maxlen: 96,","    node: true,","    nomen: true,","    regexp: true,","    stupid: true","*/","(function () {","    'use strict';","    var local;","","","","    // run shared js-env code - pre-init","    (function () {","        // init local","        local = {};","        // init modeJs","        local.modeJs = (function () {","            try {","                return typeof navigator.userAgent === 'string' &&","                    typeof document.querySelector('body') === 'object' &&","                    typeof XMLHttpRequest.prototype.open === 'function' &&","                    'browser';","            } catch (errorCaughtBrowser) {","                return module.exports &&","                    typeof process.versions.node === 'string' &&","                    typeof require('http').createServer === 'function' &&","                    'node';","            }","        }());","        // init global","        local.global = local.modeJs === 'browser'","            ? window","            : global;","        switch (local.modeJs) {","        // re-init local from window.local","        case 'browser':","            local = local.global.utility2.objectSetDefault(","                local.global.utility2_rollup || local.global.local,","                local.global.utility2","            );","            break;","        // re-init local from example.js","        case 'node':","            local = (local.global.utility2_rollup || require('utility2'))","                .requireExampleJsFromReadme();","            break;","        }","        // export local","        local.global.local = local;","    }());","","","","    // run shared js-env code - function","    (function () {","        return;","    }());","    switch (local.modeJs) {","","","","    // run browser js-env code - function","    case 'browser':","        break;","","","","    // run node js-env code - function","    case 'node':","        break;","    }","","","","    // run shared js-env code - post-init","    (function () {","        return;","    }());","    switch (local.modeJs) {","","","","    // run browser js-env code - post-init","    case 'browser':","        local.testCase_browser_nullCase = local.testCase_browser_nullCase || function (","            options,","            onError","        ) {","        /*","         * this function will test browsers's null-case handling-behavior-behavior","         */","            onError(null, options);","        };","","        // run tests","        local.nop(local.modeTest &&","            document.querySelector('#testRunButton1') &&","            document.querySelector('#testRunButton1').click());","        break;","","","","    // run node js-env code - post-init","    /* istanbul ignore next */","    case 'node':","        local.testCase_buildApidoc_default = local.testCase_buildApidoc_default || function (","            options,","            onError","        ) {","        /*","         * this function will test buildApidoc's default handling-behavior-behavior","         */","            options = { modulePathList: module.paths };","            local.buildApidoc(options, onError);","        };","","        local.testCase_buildApp_default = local.testCase_buildApp_default || function (","            options,","            onError","        ) {","        /*","         * this function will test buildApp's default handling-behavior-behavior","         */","            local.testCase_buildReadme_default(options, local.onErrorThrow);","            local.testCase_buildLib_default(options, local.onErrorThrow);","            local.testCase_buildTest_default(options, local.onErrorThrow);","            local.testCase_buildCustomOrg_default(options, local.onErrorThrow);","            options = [];","            local.buildApp(options, onError);","        };","","        local.testCase_buildCustomOrg_default = local.testCase_buildCustomOrg_default ||","            function (options, onError) {","            /*","             * this function will test buildCustomOrg's default handling-behavior","             */","                options = {};","                local.buildCustomOrg(options, onError);","            };","","        local.testCase_buildLib_default = local.testCase_buildLib_default || function (","            options,","            onError","        ) {","        /*","         * this function will test buildLib's default handling-behavior","         */","            options = {};","            local.buildLib(options, onError);","        };","","        local.testCase_buildReadme_default = local.testCase_buildReadme_default || function (","            options,","            onError","        ) {","        /*","         * this function will test buildReadme's default handling-behavior-behavior","         */","            options = {};","            local.buildReadme(options, onError);","        };","","        local.testCase_buildTest_default = local.testCase_buildTest_default || function (","            options,","            onError","        ) {","        /*","         * this function will test buildTest's default handling-behavior","         */","            options = {};","            local.buildTest(options, onError);","        };","","        local.testCase_webpage_default = local.testCase_webpage_default || function (","            options,","            onError","        ) {","        /*","         * this function will test webpage's default handling-behavior","         */","            options = { modeCoverageMerge: true, url: local.serverLocalHost + '?modeTest=1' };","            local.browserTest(options, onError);","        };","","        // run test-server","        local.testRunServer(local);","        break;","    }","}());",""],"l":{"12":2,"14":2,"19":2,"21":2,"23":2,"24":2,"25":2,"30":1,"37":2,"40":2,"43":1,"47":1,"50":1,"52":1,"55":2,"61":2,"62":2,"64":2,"70":1,"76":1,"82":2,"83":2,"85":2,"91":1,"98":1,"102":1,"105":1,"112":1,"119":1,"120":1,"123":1,"130":1,"131":1,"132":1,"133":1,"134":1,"135":1,"138":1,"143":2,"144":2,"147":1,"154":2,"155":2,"158":1,"165":2,"166":2,"169":1,"176":2,"177":2,"180":1,"187":1,"188":1,"192":1,"193":1}},"/home/travis/build/npmtest/node-npmtest-columns/lib.npmtest_columns.js":{"path":"/home/travis/build/npmtest/node-npmtest-columns/lib.npmtest_columns.js","s":{"1":2,"2":2,"3":2,"4":2,"5":2,"6":2,"7":2,"8":1,"9":2,"10":2,"11":2,"12":2,"13":1,"14":1,"15":1,"16":1},"b":{"1":[2,1,1,1],"2":[1,1,1,1],"3":[1,1],"4":[2,2],"5":[1,1]},"f":{"1":2,"2":2,"3":2},"fnMap":{"1":{"name":"(anonymous_1)","line":12,"loc":{"start":{"line":12,"column":1},"end":{"line":12,"column":13}}},"2":{"name":"(anonymous_2)","line":19,"loc":{"start":{"line":19,"column":5},"end":{"line":19,"column":17}}},"3":{"name":"(anonymous_3)","line":23,"loc":{"start":{"line":23,"column":24},"end":{"line":23,"column":36}}}},"statementMap":{"1":{"start":{"line":12,"column":0},"end":{"line":53,"column":5}},"2":{"start":{"line":14,"column":4},"end":{"line":14,"column":14}},"3":{"start":{"line":19,"column":4},"end":{"line":52,"column":9}},"4":{"start":{"line":21,"column":8},"end":{"line":21,"column":19}},"5":{"start":{"line":23,"column":8},"end":{"line":35,"column":13}},"6":{"start":{"line":24,"column":12},"end":{"line":34,"column":13}},"7":{"start":{"line":25,"column":16},"end":{"line":28,"column":30}},"8":{"start":{"line":30,"column":16},"end":{"line":33,"column":27}},"9":{"start":{"line":37,"column":8},"end":{"line":39,"column":21}},"10":{"start":{"line":41,"column":8},"end":{"line":41,"column":54}},"11":{"start":{"line":43,"column":8},"end":{"line":43,"column":52}},"12":{"start":{"line":45,"column":8},"end":{"line":51,"column":9}},"13":{"start":{"line":46,"column":12},"end":{"line":46,"column":58}},"14":{"start":{"line":48,"column":12},"end":{"line":48,"column":35}},"15":{"start":{"line":49,"column":12},"end":{"line":49,"column":49}},"16":{"start":{"line":50,"column":12},"end":{"line":50,"column":43}}},"branchMap":{"1":{"line":25,"type":"binary-expr","locations":[{"start":{"line":25,"column":23},"end":{"line":25,"column":62}},{"start":{"line":26,"column":20},"end":{"line":26,"column":70}},{"start":{"line":27,"column":20},"end":{"line":27,"column":71}},{"start":{"line":28,"column":20},"end":{"line":28,"column":29}}]},"2":{"line":30,"type":"binary-expr","locations":[{"start":{"line":30,"column":23},"end":{"line":30,"column":37}},{"start":{"line":31,"column":20},"end":{"line":31,"column":61}},{"start":{"line":32,"column":20},"end":{"line":32,"column":70}},{"start":{"line":33,"column":20},"end":{"line":33,"column":26}}]},"3":{"line":37,"type":"cond-expr","locations":[{"start":{"line":38,"column":14},"end":{"line":38,"column":20}},{"start":{"line":39,"column":14},"end":{"line":39,"column":20}}]},"4":{"line":41,"type":"binary-expr","locations":[{"start":{"line":41,"column":16},"end":{"line":41,"column":44}},{"start":{"line":41,"column":48},"end":{"line":41,"column":53}}]},"5":{"line":45,"type":"if","locations":[{"start":{"line":45,"column":8},"end":{"line":45,"column":8}},{"start":{"line":45,"column":8},"end":{"line":45,"column":8}}]}},"code":["/* istanbul instrument in package npmtest_columns */","/*jslint","    bitwise: true,","    browser: true,","    maxerr: 8,","    maxlen: 96,","    node: true,","    nomen: true,","    regexp: true,","    stupid: true","*/","(function () {","    'use strict';","    var local;","","","","    // run shared js-env code - pre-init","    (function () {","        // init local","        local = {};","        // init modeJs","        local.modeJs = (function () {","            try {","                return typeof navigator.userAgent === 'string' &&","                    typeof document.querySelector('body') === 'object' &&","                    typeof XMLHttpRequest.prototype.open === 'function' &&","                    'browser';","            } catch (errorCaughtBrowser) {","                return module.exports &&","                    typeof process.versions.node === 'string' &&","                    typeof require('http').createServer === 'function' &&","                    'node';","            }","        }());","        // init global","        local.global = local.modeJs === 'browser'","            ? window","            : global;","        // init utility2_rollup","        local = local.global.utility2_rollup || local;","        // init lib","        local.local = local.npmtest_columns = local;","        // init exports","        if (local.modeJs === 'browser') {","            local.global.utility2_npmtest_columns = local;","        } else {","            module.exports = local;","            module.exports.__dirname = __dirname;","            module.exports.module = module;","        }","    }());","}());",""],"l":{"12":2,"14":2,"19":2,"21":2,"23":2,"24":2,"25":2,"30":1,"37":2,"41":2,"43":2,"45":2,"46":1,"48":1,"49":1,"50":1}},"/home/travis/build/npmtest/node-npmtest-columns/example.js":{"path":"/home/travis/build/npmtest/node-npmtest-columns/example.js","s":{"1":2,"2":2,"3":2,"4":2,"5":2,"6":2,"7":2,"8":1,"9":2,"10":2,"11":2,"12":2,"13":1,"14":2,"15":2,"16":2,"17":2,"18":2,"19":0,"20":2,"21":1,"22":1,"23":1,"24":1,"25":1,"26":0,"27":0,"28":1,"29":1,"30":2,"31":0,"32":0,"33":0,"34":1,"35":2,"36":2,"37":3,"38":3,"39":3,"40":3,"41":0,"42":3,"43":3,"44":3,"45":1,"46":3,"47":1,"48":1,"49":1,"50":1,"51":1,"52":1,"53":1,"54":1,"55":1,"56":1,"57":0,"58":1,"59":6,"60":6,"61":1,"62":2,"63":0,"64":2,"65":1,"66":1,"67":0,"68":0,"69":0,"70":0,"71":0,"72":0,"73":0,"74":0,"75":0,"76":0,"77":0,"78":0,"79":0,"80":0,"81":0,"82":0,"83":0},"b":{"1":[2,1,1,1],"2":[1,1,1,1],"3":[1,1],"4":[2,2],"5":[1,1],"6":[1,1],"7":[2,0],"8":[2,1,1,1,1,1],"9":[0,2,0],"10":[1,1],"11":[2,1,1],"12":[1,0],"13":[0,2],"14":[2,0,0,0,0,0,0],"15":[0,3],"16":[3,0],"17":[1,1],"18":[0,1],"19":[1,2,0,2],"20":[1,0],"21":[1,1],"22":[0,0],"23":[0,0],"24":[0,0],"25":[0,0],"26":[0,0],"27":[0,0],"28":[0,0]},"f":{"1":2,"2":2,"3":2,"4":2,"5":2,"6":2,"7":3,"8":3,"9":3,"10":1,"11":6,"12":0},"fnMap":{"1":{"name":"(anonymous_1)","line":26,"loc":{"start":{"line":26,"column":1},"end":{"line":26,"column":13}}},"2":{"name":"(anonymous_2)","line":33,"loc":{"start":{"line":33,"column":5},"end":{"line":33,"column":17}}},"3":{"name":"(anonymous_3)","line":37,"loc":{"start":{"line":37,"column":24},"end":{"line":37,"column":36}}},"4":{"name":"(anonymous_4)","line":69,"loc":{"start":{"line":69,"column":31},"end":{"line":69,"column":48}},"skip":true},"5":{"name":"(anonymous_5)","line":78,"loc":{"start":{"line":78,"column":26},"end":{"line":78,"column":45}},"skip":true},"6":{"name":"(anonymous_6)","line":123,"loc":{"start":{"line":123,"column":33},"end":{"line":123,"column":48}},"skip":true},"7":{"name":"(anonymous_7)","line":125,"loc":{"start":{"line":125,"column":27},"end":{"line":125,"column":39}},"skip":true},"8":{"name":"(anonymous_8)","line":133,"loc":{"start":{"line":133,"column":59},"end":{"line":133,"column":74}},"skip":true},"9":{"name":"(anonymous_9)","line":143,"loc":{"start":{"line":143,"column":45},"end":{"line":143,"column":62}},"skip":true},"10":{"name":"(anonymous_10)","line":144,"loc":{"start":{"line":144,"column":73},"end":{"line":144,"column":92}},"skip":true},"11":{"name":"(anonymous_11)","line":272,"loc":{"start":{"line":272,"column":51},"end":{"line":272,"column":77}},"skip":true},"12":{"name":"(anonymous_12)","line":314,"loc":{"start":{"line":314,"column":32},"end":{"line":314,"column":61}},"skip":true}},"statementMap":{"1":{"start":{"line":26,"column":0},"end":{"line":325,"column":5}},"2":{"start":{"line":28,"column":4},"end":{"line":28,"column":14}},"3":{"start":{"line":33,"column":4},"end":{"line":60,"column":9}},"4":{"start":{"line":35,"column":8},"end":{"line":35,"column":19}},"5":{"start":{"line":37,"column":8},"end":{"line":49,"column":13}},"6":{"start":{"line":38,"column":12},"end":{"line":48,"column":13}},"7":{"start":{"line":39,"column":16},"end":{"line":42,"column":30}},"8":{"start":{"line":44,"column":16},"end":{"line":47,"column":27}},"9":{"start":{"line":51,"column":8},"end":{"line":53,"column":21}},"10":{"start":{"line":55,"column":8},"end":{"line":57,"column":45}},"11":{"start":{"line":59,"column":8},"end":{"line":59,"column":35}},"12":{"start":{"line":61,"column":4},"end":{"line":324,"column":5}},"13":{"start":{"line":69,"column":8},"end":{"line":121,"column":10},"skip":true},"14":{"start":{"line":70,"column":12},"end":{"line":88,"column":13},"skip":true},"15":{"start":{"line":76,"column":16},"end":{"line":87,"column":19},"skip":true},"16":{"start":{"line":79,"column":20},"end":{"line":86,"column":21},"skip":true},"17":{"start":{"line":82,"column":24},"end":{"line":82,"column":43},"skip":true},"18":{"start":{"line":83,"column":24},"end":{"line":83,"column":30},"skip":true},"19":{"start":{"line":85,"column":24},"end":{"line":85,"column":49},"skip":true},"20":{"start":{"line":89,"column":12},"end":{"line":107,"column":13},"skip":true},"21":{"start":{"line":92,"column":16},"end":{"line":102,"column":17},"skip":true},"22":{"start":{"line":93,"column":20},"end":{"line":93,"column":86},"skip":true},"23":{"start":{"line":94,"column":20},"end":{"line":95,"column":45},"skip":true},"24":{"start":{"line":96,"column":20},"end":{"line":96,"column":42},"skip":true},"25":{"start":{"line":97,"column":20},"end":{"line":97,"column":48},"skip":true},"26":{"start":{"line":100,"column":20},"end":{"line":100,"column":85},"skip":true},"27":{"start":{"line":101,"column":20},"end":{"line":101,"column":96},"skip":true},"28":{"start":{"line":103,"column":16},"end":{"line":103,"column":22},"skip":true},"29":{"start":{"line":106,"column":16},"end":{"line":106,"column":22},"skip":true},"30":{"start":{"line":108,"column":12},"end":{"line":120,"column":13},"skip":true},"31":{"start":{"line":114,"column":16},"end":{"line":119,"column":17},"skip":true},"32":{"start":{"line":116,"column":20},"end":{"line":116,"column":78},"skip":true},"33":{"start":{"line":118,"column":20},"end":{"line":118,"column":47},"skip":true},"34":{"start":{"line":123,"column":8},"end":{"line":141,"column":11},"skip":true},"35":{"start":{"line":124,"column":12},"end":{"line":124,"column":54},"skip":true},"36":{"start":{"line":125,"column":12},"end":{"line":140,"column":14},"skip":true},"37":{"start":{"line":126,"column":16},"end":{"line":126,"column":28},"skip":true},"38":{"start":{"line":127,"column":16},"end":{"line":127,"column":69},"skip":true},"39":{"start":{"line":128,"column":16},"end":{"line":128,"column":75},"skip":true},"40":{"start":{"line":129,"column":16},"end":{"line":131,"column":17},"skip":true},"41":{"start":{"line":130,"column":20},"end":{"line":130,"column":27},"skip":true},"42":{"start":{"line":133,"column":16},"end":{"line":137,"column":36},"skip":true},"43":{"start":{"line":134,"column":20},"end":{"line":136,"column":55},"skip":true},"44":{"start":{"line":139,"column":16},"end":{"line":139,"column":57},"skip":true},"45":{"start":{"line":143,"column":8},"end":{"line":147,"column":11},"skip":true},"46":{"start":{"line":144,"column":12},"end":{"line":146,"column":15},"skip":true},"47":{"start":{"line":145,"column":16},"end":{"line":145,"column":70},"skip":true},"48":{"start":{"line":149,"column":8},"end":{"line":149,"column":31},"skip":true},"49":{"start":{"line":150,"column":8},"end":{"line":150,"column":14},"skip":true},"50":{"start":{"line":158,"column":8},"end":{"line":158,"column":31},"skip":true},"51":{"start":{"line":160,"column":8},"end":{"line":160,"column":33},"skip":true},"52":{"start":{"line":161,"column":8},"end":{"line":161,"column":37},"skip":true},"53":{"start":{"line":162,"column":8},"end":{"line":162,"column":35},"skip":true},"54":{"start":{"line":164,"column":8},"end":{"line":164,"column":50},"skip":true},"55":{"start":{"line":166,"column":8},"end":{"line":256,"column":2},"skip":true},"56":{"start":{"line":258,"column":8},"end":{"line":286,"column":9},"skip":true},"57":{"start":{"line":259,"column":12},"end":{"line":269,"column":14},"skip":true},"58":{"start":{"line":271,"column":12},"end":{"line":285,"column":19},"skip":true},"59":{"start":{"line":274,"column":20},"end":{"line":274,"column":35},"skip":true},"60":{"start":{"line":275,"column":20},"end":{"line":284,"column":21},"skip":true},"61":{"start":{"line":277,"column":24},"end":{"line":277,"column":64},"skip":true},"62":{"start":{"line":279,"column":24},"end":{"line":279,"column":40},"skip":true},"63":{"start":{"line":281,"column":24},"end":{"line":281,"column":40},"skip":true},"64":{"start":{"line":283,"column":24},"end":{"line":283,"column":39},"skip":true},"65":{"start":{"line":288,"column":8},"end":{"line":290,"column":9},"skip":true},"66":{"start":{"line":289,"column":12},"end":{"line":289,"column":18},"skip":true},"67":{"start":{"line":291,"column":8},"end":{"line":293,"column":54},"skip":true},"68":{"start":{"line":294,"column":8},"end":{"line":301,"column":37},"skip":true},"69":{"start":{"line":302,"column":8},"end":{"line":302,"column":82},"skip":true},"70":{"start":{"line":305,"column":8},"end":{"line":307,"column":9},"skip":true},"71":{"start":{"line":306,"column":12},"end":{"line":306,"column":82},"skip":true},"72":{"start":{"line":309,"column":8},"end":{"line":311,"column":9},"skip":true},"73":{"start":{"line":310,"column":12},"end":{"line":310,"column":18},"skip":true},"74":{"start":{"line":312,"column":8},"end":{"line":312,"column":54},"skip":true},"75":{"start":{"line":313,"column":8},"end":{"line":313,"column":69},"skip":true},"76":{"start":{"line":314,"column":8},"end":{"line":322,"column":36},"skip":true},"77":{"start":{"line":315,"column":12},"end":{"line":315,"column":61},"skip":true},"78":{"start":{"line":316,"column":12},"end":{"line":319,"column":13},"skip":true},"79":{"start":{"line":317,"column":16},"end":{"line":317,"column":75},"skip":true},"80":{"start":{"line":318,"column":16},"end":{"line":318,"column":23},"skip":true},"81":{"start":{"line":320,"column":12},"end":{"line":320,"column":38},"skip":true},"82":{"start":{"line":321,"column":12},"end":{"line":321,"column":27},"skip":true},"83":{"start":{"line":323,"column":8},"end":{"line":323,"column":14},"skip":true}},"branchMap":{"1":{"line":39,"type":"binary-expr","locations":[{"start":{"line":39,"column":23},"end":{"line":39,"column":62}},{"start":{"line":40,"column":20},"end":{"line":40,"column":70}},{"start":{"line":41,"column":20},"end":{"line":41,"column":71}},{"start":{"line":42,"column":20},"end":{"line":42,"column":29}}]},"2":{"line":44,"type":"binary-expr","locations":[{"start":{"line":44,"column":23},"end":{"line":44,"column":37}},{"start":{"line":45,"column":20},"end":{"line":45,"column":61}},{"start":{"line":46,"column":20},"end":{"line":46,"column":70}},{"start":{"line":47,"column":20},"end":{"line":47,"column":26}}]},"3":{"line":51,"type":"cond-expr","locations":[{"start":{"line":52,"column":14},"end":{"line":52,"column":20}},{"start":{"line":53,"column":14},"end":{"line":53,"column":20}}]},"4":{"line":55,"type":"binary-expr","locations":[{"start":{"line":55,"column":16},"end":{"line":55,"column":44}},{"start":{"line":55,"column":49},"end":{"line":57,"column":43}}]},"5":{"line":55,"type":"cond-expr","locations":[{"start":{"line":56,"column":14},"end":{"line":56,"column":51}},{"start":{"line":57,"column":14},"end":{"line":57,"column":43}}]},"6":{"line":61,"type":"switch","locations":[{"start":{"line":68,"column":4},"end":{"line":150,"column":14},"skip":true},{"start":{"line":156,"column":4},"end":{"line":323,"column":14},"skip":true}]},"7":{"line":70,"type":"if","locations":[{"start":{"line":70,"column":12},"end":{"line":70,"column":12},"skip":true},{"start":{"line":70,"column":12},"end":{"line":70,"column":12},"skip":true}]},"8":{"line":70,"type":"binary-expr","locations":[{"start":{"line":70,"column":16},"end":{"line":70,"column":22},"skip":true},{"start":{"line":70,"column":27},"end":{"line":70,"column":32},"skip":true},{"start":{"line":71,"column":20},"end":{"line":71,"column":39},"skip":true},{"start":{"line":72,"column":20},"end":{"line":72,"column":49},"skip":true},{"start":{"line":73,"column":20},"end":{"line":73,"column":58},"skip":true},{"start":{"line":74,"column":20},"end":{"line":74,"column":69},"skip":true}]},"9":{"line":79,"type":"switch","locations":[{"start":{"line":80,"column":20},"end":{"line":80,"column":33},"skip":true},{"start":{"line":81,"column":20},"end":{"line":83,"column":30},"skip":true},{"start":{"line":84,"column":20},"end":{"line":85,"column":49},"skip":true}]},"10":{"line":89,"type":"switch","locations":[{"start":{"line":90,"column":12},"end":{"line":103,"column":22},"skip":true},{"start":{"line":105,"column":12},"end":{"line":106,"column":22},"skip":true}]},"11":{"line":89,"type":"binary-expr","locations":[{"start":{"line":89,"column":20},"end":{"line":89,"column":25},"skip":true},{"start":{"line":89,"column":29},"end":{"line":89,"column":48},"skip":true},{"start":{"line":89,"column":52},"end":{"line":89,"column":74},"skip":true}]},"12":{"line":92,"type":"if","locations":[{"start":{"line":92,"column":16},"end":{"line":92,"column":16},"skip":true},{"start":{"line":92,"column":16},"end":{"line":92,"column":16},"skip":true}]},"13":{"line":108,"type":"if","locations":[{"start":{"line":108,"column":12},"end":{"line":108,"column":12},"skip":true},{"start":{"line":108,"column":12},"end":{"line":108,"column":12},"skip":true}]},"14":{"line":108,"type":"binary-expr","locations":[{"start":{"line":108,"column":16},"end":{"line":108,"column":61},"skip":true},{"start":{"line":108,"column":66},"end":{"line":108,"column":72},"skip":true},{"start":{"line":108,"column":77},"end":{"line":108,"column":82},"skip":true},{"start":{"line":109,"column":20},"end":{"line":109,"column":39},"skip":true},{"start":{"line":110,"column":20},"end":{"line":110,"column":49},"skip":true},{"start":{"line":111,"column":20},"end":{"line":111,"column":58},"skip":true},{"start":{"line":112,"column":20},"end":{"line":112,"column":68},"skip":true}]},"15":{"line":129,"type":"if","locations":[{"start":{"line":129,"column":16},"end":{"line":129,"column":16},"skip":true},{"start":{"line":129,"column":16},"end":{"line":129,"column":16},"skip":true}]},"16":{"line":134,"type":"cond-expr","locations":[{"start":{"line":135,"column":26},"end":{"line":135,"column":29},"skip":true},{"start":{"line":136,"column":26},"end":{"line":136,"column":54},"skip":true}]},"17":{"line":164,"type":"binary-expr","locations":[{"start":{"line":164,"column":27},"end":{"line":164,"column":43},"skip":true},{"start":{"line":164,"column":47},"end":{"line":164,"column":49},"skip":true}]},"18":{"line":258,"type":"if","locations":[{"start":{"line":258,"column":8},"end":{"line":258,"column":8},"skip":true},{"start":{"line":258,"column":8},"end":{"line":258,"column":8},"skip":true}]},"19":{"line":275,"type":"switch","locations":[{"start":{"line":276,"column":20},"end":{"line":277,"column":64},"skip":true},{"start":{"line":278,"column":20},"end":{"line":279,"column":40},"skip":true},{"start":{"line":280,"column":20},"end":{"line":281,"column":40},"skip":true},{"start":{"line":282,"column":20},"end":{"line":283,"column":39},"skip":true}]},"20":{"line":288,"type":"if","locations":[{"start":{"line":288,"column":8},"end":{"line":288,"column":8},"skip":true},{"start":{"line":288,"column":8},"end":{"line":288,"column":8},"skip":true}]},"21":{"line":288,"type":"binary-expr","locations":[{"start":{"line":288,"column":12},"end":{"line":288,"column":40},"skip":true},{"start":{"line":288,"column":44},"end":{"line":288,"column":67},"skip":true}]},"22":{"line":292,"type":"binary-expr","locations":[{"start":{"line":292,"column":12},"end":{"line":292,"column":50},"skip":true},{"start":{"line":293,"column":12},"end":{"line":293,"column":53},"skip":true}]},"23":{"line":295,"type":"binary-expr","locations":[{"start":{"line":295,"column":12},"end":{"line":295,"column":65},"skip":true},{"start":{"line":296,"column":12},"end":{"line":301,"column":36},"skip":true}]},"24":{"line":302,"type":"binary-expr","locations":[{"start":{"line":302,"column":43},"end":{"line":302,"column":75},"skip":true},{"start":{"line":302,"column":79},"end":{"line":302,"column":81},"skip":true}]},"25":{"line":305,"type":"if","locations":[{"start":{"line":305,"column":8},"end":{"line":305,"column":8},"skip":true},{"start":{"line":305,"column":8},"end":{"line":305,"column":8},"skip":true}]},"26":{"line":309,"type":"if","locations":[{"start":{"line":309,"column":8},"end":{"line":309,"column":8},"skip":true},{"start":{"line":309,"column":8},"end":{"line":309,"column":8},"skip":true}]},"27":{"line":312,"type":"binary-expr","locations":[{"start":{"line":312,"column":27},"end":{"line":312,"column":43},"skip":true},{"start":{"line":312,"column":47},"end":{"line":312,"column":53},"skip":true}]},"28":{"line":316,"type":"if","locations":[{"start":{"line":316,"column":12},"end":{"line":316,"column":12},"skip":true},{"start":{"line":316,"column":12},"end":{"line":316,"column":12},"skip":true}]}},"code":["/*","example.js","","quickstart example","","instruction","    1. save this script as example.js","    2. run the shell command:","        $ npm install npmtest-columns && PORT=8081 node example.js","    3. play with the browser-demo on http://127.0.0.1:8081","*/","","","","/* istanbul instrument in package npmtest_columns */","/*jslint","    bitwise: true,","    browser: true,","    maxerr: 8,","    maxlen: 96,","    node: true,","    nomen: true,","    regexp: true,","    stupid: true","*/","(function () {","    'use strict';","    var local;","","","","    // run shared js-env code - pre-init","    (function () {","        // init local","        local = {};","        // init modeJs","        local.modeJs = (function () {","            try {","                return typeof navigator.userAgent === 'string' &&","                    typeof document.querySelector('body') === 'object' &&","                    typeof XMLHttpRequest.prototype.open === 'function' &&","                    'browser';","            } catch (errorCaughtBrowser) {","                return module.exports &&","                    typeof process.versions.node === 'string' &&","                    typeof require('http').createServer === 'function' &&","                    'node';","            }","        }());","        // init global","        local.global = local.modeJs === 'browser'","            ? window","            : global;","        // init utility2_rollup","        local = local.global.utility2_rollup || (local.modeJs === 'browser'","            ? local.global.utility2_npmtest_columns","            : global.utility2_moduleExports);","        // export local","        local.global.local = local;","    }());","    switch (local.modeJs) {","","","","    // post-init","    // run browser js-env code - post-init","    /* istanbul ignore next */","    case 'browser':","        local.testRunBrowser = function (event) {","            if (!event || (event &&","                    event.currentTarget &&","                    event.currentTarget.className &&","                    event.currentTarget.className.includes &&","                    event.currentTarget.className.includes('onreset'))) {","                // reset output","                Array.from(","                    document.querySelectorAll('body > .resettable')","                ).forEach(function (element) {","                    switch (element.tagName) {","                    case 'INPUT':","                    case 'TEXTAREA':","                        element.value = '';","                        break;","                    default:","                        element.textContent = '';","                    }","                });","            }","            switch (event && event.currentTarget && event.currentTarget.id) {","            case 'testRunButton1':","                // show tests","                if (document.querySelector('#testReportDiv1').style.display === 'none') {","                    document.querySelector('#testReportDiv1').style.display = 'block';","                    document.querySelector('#testRunButton1').textContent =","                        'hide internal test';","                    local.modeTest = true;","                    local.testRunDefault(local);","                // hide tests","                } else {","                    document.querySelector('#testReportDiv1').style.display = 'none';","                    document.querySelector('#testRunButton1').textContent = 'run internal test';","                }","                break;","            // custom-case","            default:","                break;","            }","            if (document.querySelector('#inputTextareaEval1') && (!event || (event &&","                    event.currentTarget &&","                    event.currentTarget.className &&","                    event.currentTarget.className.includes &&","                    event.currentTarget.className.includes('oneval')))) {","                // try to eval input-code","                try {","                    /*jslint evil: true*/","                    eval(document.querySelector('#inputTextareaEval1').value);","                } catch (errorCaught) {","                    console.error(errorCaught);","                }","            }","        };","        // log stderr and stdout to #outputTextareaStdout1","        ['error', 'log'].forEach(function (key) {","            console[key + '_original'] = console[key];","            console[key] = function () {","                var element;","                console[key + '_original'].apply(console, arguments);","                element = document.querySelector('#outputTextareaStdout1');","                if (!element) {","                    return;","                }","                // append text to #outputTextareaStdout1","                element.value += Array.from(arguments).map(function (arg) {","                    return typeof arg === 'string'","                        ? arg","                        : JSON.stringify(arg, null, 4);","                }).join(' ') + '\\n';","                // scroll textarea to bottom","                element.scrollTop = element.scrollHeight;","            };","        });","        // init event-handling","        ['change', 'click', 'keyup'].forEach(function (event) {","            Array.from(document.querySelectorAll('.on' + event)).forEach(function (element) {","                element.addEventListener(event, local.testRunBrowser);","            });","        });","        // run tests","        local.testRunBrowser();","        break;","","","","    // run node js-env code - post-init","    /* istanbul ignore next */","    case 'node':","        // export local","        module.exports = local;","        // require modules","        local.fs = require('fs');","        local.http = require('http');","        local.url = require('url');","        // init assets","        local.assetsDict = local.assetsDict || {};","        /* jslint-ignore-begin */","        local.assetsDict['/assets.index.template.html'] = '\\","<!doctype html>\\n\\","<html lang=\"en\">\\n\\","<head>\\n\\","<meta charset=\"UTF-8\">\\n\\","<meta name=\"viewport\" content=\"width=device-width, initial-scale=1\">\\n\\","<title>{{env.npm_package_name}} (v{{env.npm_package_version}})</title>\\n\\","<style>\\n\\","/*csslint\\n\\","    box-sizing: false,\\n\\","    universal-selector: false\\n\\","*/\\n\\","* {\\n\\","    box-sizing: border-box;\\n\\","}\\n\\","body {\\n\\","    background: #dde;\\n\\","    font-family: Arial, Helvetica, sans-serif;\\n\\","    margin: 2rem;\\n\\","}\\n\\","body > * {\\n\\","    margin-bottom: 1rem;\\n\\","}\\n\\",".utility2FooterDiv {\\n\\","    margin-top: 20px;\\n\\","    text-align: center;\\n\\","}\\n\\","</style>\\n\\","<style>\\n\\","/*csslint\\n\\","*/\\n\\","textarea {\\n\\","    font-family: monospace;\\n\\","    height: 10rem;\\n\\","    width: 100%;\\n\\","}\\n\\","textarea[readonly] {\\n\\","    background: #ddd;\\n\\","}\\n\\","</style>\\n\\","</head>\\n\\","<body>\\n\\","<!-- utility2-comment\\n\\","<div id=\"ajaxProgressDiv1\" style=\"background: #d00; height: 2px; left: 0; margin: 0; padding: 0; position: fixed; top: 0; transition: background 0.5s, width 1.5s; width: 25%;\"></div>\\n\\","utility2-comment -->\\n\\","<h1>\\n\\","<!-- utility2-comment\\n\\","    <a\\n\\","        {{#if env.npm_package_homepage}}\\n\\","        href=\"{{env.npm_package_homepage}}\"\\n\\","        {{/if env.npm_package_homepage}}\\n\\","        target=\"_blank\"\\n\\","    >\\n\\","utility2-comment -->\\n\\","        {{env.npm_package_name}} (v{{env.npm_package_version}})\\n\\","<!-- utility2-comment\\n\\","    </a>\\n\\","utility2-comment -->\\n\\","</h1>\\n\\","<h3>{{env.npm_package_description}}</h3>\\n\\","<!-- utility2-comment\\n\\","<h4><a download href=\"assets.app.js\">download standalone app</a></h4>\\n\\","<button class=\"onclick onreset\" id=\"testRunButton1\">run internal test</button><br>\\n\\","<div id=\"testReportDiv1\" style=\"display: none;\"></div>\\n\\","utility2-comment -->\\n\\","\\n\\","\\n\\","\\n\\","<label>stderr and stdout</label>\\n\\","<textarea class=\"resettable\" id=\"outputTextareaStdout1\" readonly></textarea>\\n\\","<!-- utility2-comment\\n\\","{{#if isRollup}}\\n\\","<script src=\"assets.app.js\"></script>\\n\\","{{#unless isRollup}}\\n\\","utility2-comment -->\\n\\","<script src=\"assets.utility2.rollup.js\"></script>\\n\\","<script src=\"jsonp.utility2._stateInit?callback=window.utility2._stateInit\"></script>\\n\\","<script src=\"assets.npmtest_columns.rollup.js\"></script>\\n\\","<script src=\"assets.example.js\"></script>\\n\\","<script src=\"assets.test.js\"></script>\\n\\","<!-- utility2-comment\\n\\","{{/if isRollup}}\\n\\","utility2-comment -->\\n\\","<div class=\"utility2FooterDiv\">\\n\\","    [ this app was created with\\n\\","    <a href=\"https://github.com/kaizhu256/node-utility2\" target=\"_blank\">utility2</a>\\n\\","    ]\\n\\","</div>\\n\\","</body>\\n\\","</html>\\n\\","';","        /* jslint-ignore-end */","        if (local.templateRender) {","            local.assetsDict['/'] = local.templateRender(","                local.assetsDict['/assets.index.template.html'],","                {","                    env: local.objectSetDefault(local.env, {","                        npm_package_description: 'the greatest app in the world!',","                        npm_package_name: 'my-app',","                        npm_package_nameAlias: 'my_app',","                        npm_package_version: '0.0.1'","                    })","                }","            );","        } else {","            local.assetsDict['/'] = local.assetsDict['/assets.index.template.html']","                .replace((/\\{\\{env\\.(\\w+?)\\}\\}/g), function (match0, match1) {","                    // jslint-hack","                    String(match0);","                    switch (match1) {","                    case 'npm_package_description':","                        return 'the greatest app in the world!';","                    case 'npm_package_name':","                        return 'my-app';","                    case 'npm_package_nameAlias':","                        return 'my_app';","                    case 'npm_package_version':","                        return '0.0.1';","                    }","                });","        }","        // run the cli","        if (local.global.utility2_rollup || module !== require.main) {","            break;","        }","        local.assetsDict['/assets.example.js'] =","            local.assetsDict['/assets.example.js'] ||","            local.fs.readFileSync(__filename, 'utf8');","        local.assetsDict['/assets.npmtest_columns.rollup.js'] =","            local.assetsDict['/assets.npmtest_columns.rollup.js'] ||","            local.fs.readFileSync(","                // buildCustomOrg-hack","                local.npmtest_columns.__dirname +","                    '/lib.npmtest_columns.js',","                'utf8'","            ).replace((/^#!/), '//');","        local.assetsDict['/favicon.ico'] = local.assetsDict['/favicon.ico'] || '';","        // if $npm_config_timeout_exit exists,","        // then exit this process after $npm_config_timeout_exit ms","        if (Number(process.env.npm_config_timeout_exit)) {","            setTimeout(process.exit, Number(process.env.npm_config_timeout_exit));","        }","        // start server","        if (local.global.utility2_serverHttp1) {","            break;","        }","        process.env.PORT = process.env.PORT || '8081';","        console.error('server starting on port ' + process.env.PORT);","        local.http.createServer(function (request, response) {","            request.urlParsed = local.url.parse(request.url);","            if (local.assetsDict[request.urlParsed.pathname] !== undefined) {","                response.end(local.assetsDict[request.urlParsed.pathname]);","                return;","            }","            response.statusCode = 404;","            response.end();","        }).listen(process.env.PORT);","        break;","    }","}());",""],"l":{"26":2,"28":2,"33":2,"35":2,"37":2,"38":2,"39":2,"44":1,"51":2,"55":2,"59":2,"61":2,"69":1,"70":2,"76":2,"79":2,"82":2,"83":2,"85":1,"89":2,"92":1,"93":1,"94":1,"96":1,"97":1,"100":1,"101":1,"103":1,"106":1,"108":2,"114":1,"116":1,"118":1,"123":1,"124":2,"125":2,"126":3,"127":3,"128":3,"129":3,"130":1,"133":3,"134":3,"139":3,"143":1,"144":3,"145":1,"149":1,"150":1,"158":1,"160":1,"161":1,"162":1,"164":1,"166":1,"258":1,"259":1,"271":1,"274":6,"275":6,"277":1,"279":2,"281":1,"283":2,"288":1,"289":1,"291":1,"294":1,"302":1,"305":1,"306":1,"309":1,"310":1,"312":1,"313":1,"314":1,"315":1,"316":1,"317":1,"318":1,"320":1,"321":1,"323":1}},"/home/travis/build/npmtest/node-npmtest-columns/node_modules/columns/main.js":{"path":"/home/travis/build/npmtest/node-npmtest-columns/node_modules/columns/main.js","s":{"1":1,"2":1,"3":1,"4":1,"5":1,"6":1,"7":0,"8":1,"9":0,"10":0,"11":0,"12":0,"13":0,"14":0,"15":0,"16":0,"17":0,"18":0,"19":1,"20":0,"21":0,"22":1,"23":0,"24":0,"25":1,"26":0,"27":0,"28":0,"29":1,"30":0,"31":0,"32":0,"33":1,"34":0,"35":0,"36":0,"37":1,"38":0,"39":1,"40":0,"41":1,"42":0,"43":0,"44":0,"45":0,"46":0,"47":0,"48":0,"49":0,"50":0,"51":1,"52":0,"53":0,"54":1},"b":{"1":[0,0],"2":[0,0],"3":[0,0],"4":[0,0],"5":[0,0],"6":[0,0],"7":[0,0],"8":[0,0],"9":[0,0],"10":[0,0],"11":[0,0],"12":[0,0],"13":[0,0],"14":[0,0],"15":[0,0],"16":[0,0]},"f":{"1":0,"2":0,"3":0,"4":0,"5":0,"6":0,"7":0,"8":0,"9":0,"10":0,"11":0,"12":0,"13":0,"14":0,"15":0,"16":0},"fnMap":{"1":{"name":"create","line":15,"loc":{"start":{"line":15,"column":0},"end":{"line":15,"column":22}}},"2":{"name":"Columns","line":19,"loc":{"start":{"line":19,"column":0},"end":{"line":19,"column":23}}},"3":{"name":"(anonymous_3)","line":45,"loc":{"start":{"line":45,"column":9},"end":{"line":45,"column":20}}},"4":{"name":"(anonymous_4)","line":48,"loc":{"start":{"line":48,"column":9},"end":{"line":48,"column":24}}},"5":{"name":"(anonymous_5)","line":54,"loc":{"start":{"line":54,"column":9},"end":{"line":54,"column":20}}},"6":{"name":"(anonymous_6)","line":57,"loc":{"start":{"line":57,"column":9},"end":{"line":57,"column":28}}},"7":{"name":"(anonymous_7)","line":63,"loc":{"start":{"line":63,"column":9},"end":{"line":63,"column":20}}},"8":{"name":"(anonymous_8)","line":66,"loc":{"start":{"line":66,"column":9},"end":{"line":66,"column":26}}},"9":{"name":"(anonymous_9)","line":73,"loc":{"start":{"line":73,"column":9},"end":{"line":73,"column":20}}},"10":{"name":"(anonymous_10)","line":76,"loc":{"start":{"line":76,"column":9},"end":{"line":76,"column":36}}},"11":{"name":"(anonymous_11)","line":83,"loc":{"start":{"line":83,"column":9},"end":{"line":83,"column":20}}},"12":{"name":"(anonymous_12)","line":86,"loc":{"start":{"line":86,"column":9},"end":{"line":86,"column":36}}},"13":{"name":"(anonymous_13)","line":95,"loc":{"start":{"line":95,"column":27},"end":{"line":95,"column":38}}},"14":{"name":"(anonymous_14)","line":99,"loc":{"start":{"line":99,"column":27},"end":{"line":99,"column":42}}},"15":{"name":"(anonymous_15)","line":103,"loc":{"start":{"line":103,"column":30},"end":{"line":103,"column":51}}},"16":{"name":"(anonymous_16)","line":120,"loc":{"start":{"line":120,"column":33},"end":{"line":120,"column":48}}}},"statementMap":{"1":{"start":{"line":6,"column":0},"end":{"line":6,"column":39}},"2":{"start":{"line":7,"column":0},"end":{"line":7,"column":62}},"3":{"start":{"line":9,"column":0},"end":{"line":9,"column":41}},"4":{"start":{"line":10,"column":0},"end":{"line":10,"column":37}},"5":{"start":{"line":12,"column":0},"end":{"line":12,"column":16}},"6":{"start":{"line":15,"column":0},"end":{"line":17,"column":1}},"7":{"start":{"line":16,"column":4},"end":{"line":16,"column":29}},"8":{"start":{"line":19,"column":0},"end":{"line":39,"column":1}},"9":{"start":{"line":21,"column":4},"end":{"line":21,"column":22}},"10":{"start":{"line":23,"column":4},"end":{"line":28,"column":6}},"11":{"start":{"line":30,"column":4},"end":{"line":30,"column":58}},"12":{"start":{"line":31,"column":4},"end":{"line":31,"column":68}},"13":{"start":{"line":32,"column":4},"end":{"line":32,"column":53}},"14":{"start":{"line":33,"column":4},"end":{"line":33,"column":39}},"15":{"start":{"line":34,"column":4},"end":{"line":34,"column":37}},"16":{"start":{"line":36,"column":4},"end":{"line":36,"column":21}},"17":{"start":{"line":37,"column":4},"end":{"line":37,"column":58}},"18":{"start":{"line":38,"column":4},"end":{"line":38,"column":22}},"19":{"start":{"line":44,"column":0},"end":{"line":51,"column":3}},"20":{"start":{"line":46,"column":8},"end":{"line":46,"column":59}},"21":{"start":{"line":49,"column":8},"end":{"line":49,"column":57}},"22":{"start":{"line":53,"column":0},"end":{"line":60,"column":3}},"23":{"start":{"line":55,"column":8},"end":{"line":55,"column":34}},"24":{"start":{"line":58,"column":8},"end":{"line":58,"column":38}},"25":{"start":{"line":62,"column":0},"end":{"line":70,"column":3}},"26":{"start":{"line":64,"column":8},"end":{"line":64,"column":32}},"27":{"start":{"line":67,"column":8},"end":{"line":67,"column":34}},"28":{"start":{"line":68,"column":8},"end":{"line":68,"column":28}},"29":{"start":{"line":72,"column":0},"end":{"line":80,"column":3}},"30":{"start":{"line":74,"column":8},"end":{"line":74,"column":91}},"31":{"start":{"line":77,"column":8},"end":{"line":77,"column":54}},"32":{"start":{"line":78,"column":8},"end":{"line":78,"column":28}},"33":{"start":{"line":82,"column":0},"end":{"line":90,"column":3}},"34":{"start":{"line":84,"column":8},"end":{"line":84,"column":91}},"35":{"start":{"line":87,"column":8},"end":{"line":87,"column":54}},"36":{"start":{"line":88,"column":8},"end":{"line":88,"column":28}},"37":{"start":{"line":95,"column":0},"end":{"line":97,"column":2}},"38":{"start":{"line":96,"column":4},"end":{"line":96,"column":24}},"39":{"start":{"line":99,"column":0},"end":{"line":101,"column":2}},"40":{"start":{"line":100,"column":4},"end":{"line":100,"column":30}},"41":{"start":{"line":103,"column":0},"end":{"line":118,"column":2}},"42":{"start":{"line":105,"column":4},"end":{"line":108,"column":5}},"43":{"start":{"line":106,"column":8},"end":{"line":106,"column":20}},"44":{"start":{"line":107,"column":8},"end":{"line":107,"column":25}},"45":{"start":{"line":110,"column":4},"end":{"line":110,"column":22}},"46":{"start":{"line":111,"column":4},"end":{"line":111,"column":65}},"47":{"start":{"line":113,"column":4},"end":{"line":113,"column":72}},"48":{"start":{"line":114,"column":4},"end":{"line":114,"column":54}},"49":{"start":{"line":115,"column":4},"end":{"line":115,"column":24}},"50":{"start":{"line":117,"column":4},"end":{"line":117,"column":30}},"51":{"start":{"line":120,"column":0},"end":{"line":123,"column":2}},"52":{"start":{"line":121,"column":4},"end":{"line":121,"column":35}},"53":{"start":{"line":122,"column":4},"end":{"line":122,"column":24}},"54":{"start":{"line":126,"column":0},"end":{"line":128,"column":2}}},"branchMap":{"1":{"line":21,"type":"binary-expr","locations":[{"start":{"line":21,"column":11},"end":{"line":21,"column":15}},{"start":{"line":21,"column":19},"end":{"line":21,"column":21}}]},"2":{"line":23,"type":"binary-expr","locations":[{"start":{"line":23,"column":18},"end":{"line":23,"column":29}},{"start":{"line":23,"column":33},"end":{"line":28,"column":5}}]},"3":{"line":30,"type":"cond-expr","locations":[{"start":{"line":30,"column":45},"end":{"line":30,"column":50}},{"start":{"line":30,"column":53},"end":{"line":30,"column":57}}]},"4":{"line":31,"type":"cond-expr","locations":[{"start":{"line":31,"column":50},"end":{"line":31,"column":63}},{"start":{"line":31,"column":66},"end":{"line":31,"column":67}}]},"5":{"line":32,"type":"binary-expr","locations":[{"start":{"line":32,"column":26},"end":{"line":32,"column":45}},{"start":{"line":32,"column":49},"end":{"line":32,"column":52}}]},"6":{"line":33,"type":"binary-expr","locations":[{"start":{"line":33,"column":20},"end":{"line":33,"column":33}},{"start":{"line":33,"column":37},"end":{"line":33,"column":38}}]},"7":{"line":34,"type":"binary-expr","locations":[{"start":{"line":34,"column":17},"end":{"line":34,"column":27}},{"start":{"line":34,"column":31},"end":{"line":34,"column":36}}]},"8":{"line":46,"type":"cond-expr","locations":[{"start":{"line":46,"column":42},"end":{"line":46,"column":49}},{"start":{"line":46,"column":52},"end":{"line":46,"column":58}}]},"9":{"line":49,"type":"cond-expr","locations":[{"start":{"line":49,"column":44},"end":{"line":49,"column":49}},{"start":{"line":49,"column":52},"end":{"line":49,"column":56}}]},"10":{"line":74,"type":"cond-expr","locations":[{"start":{"line":74,"column":58},"end":{"line":74,"column":84}},{"start":{"line":74,"column":87},"end":{"line":74,"column":90}}]},"11":{"line":84,"type":"cond-expr","locations":[{"start":{"line":84,"column":58},"end":{"line":84,"column":84}},{"start":{"line":84,"column":87},"end":{"line":84,"column":90}}]},"12":{"line":105,"type":"if","locations":[{"start":{"line":105,"column":4},"end":{"line":105,"column":4}},{"start":{"line":105,"column":4},"end":{"line":105,"column":4}}]},"13":{"line":105,"type":"binary-expr","locations":[{"start":{"line":105,"column":8},"end":{"line":105,"column":32}},{"start":{"line":105,"column":36},"end":{"line":105,"column":54}}]},"14":{"line":110,"type":"binary-expr","locations":[{"start":{"line":110,"column":11},"end":{"line":110,"column":15}},{"start":{"line":110,"column":19},"end":{"line":110,"column":21}}]},"15":{"line":111,"type":"cond-expr","locations":[{"start":{"line":111,"column":46},"end":{"line":111,"column":57}},{"start":{"line":111,"column":60},"end":{"line":111,"column":64}}]},"16":{"line":113,"type":"binary-expr","locations":[{"start":{"line":113,"column":11},"end":{"line":113,"column":15}},{"start":{"line":113,"column":19},"end":{"line":113,"column":71}}]}},"code":["// node-columns","// MIT © Arjun Mehta","// www.arjunmehta.net","","","var heartbeats = require('heartbeats');","heartbeats.createHeart(Math.round(1000 / 24), 'view_refresh');","","var MainView = require('./lib/MainView');","var Column = require('./lib/Column');","","var idCount = 0;","","","function create(opts) {","    return new Columns(opts);","}","","function Columns(opts) {","","    opts = opts || {};","","    opts.margin = opts.margin || {","        top: 0,","        right: 0,","        bottom: 0,","        left: 0","    };","","    opts.flow = opts.flow_mode === 'reset' ? false : true;","    opts.overflow = opts.overflow !== undefined ? opts.overflow : 3;","    opts.maximum_buffer = opts.maximum_buffer || 500;","    opts.tab_size = opts.tab_size || 2;","    opts.print = opts.print || false;","","    this.opts = opts;","    this.view = new MainView(this, opts.mode, opts.print);","    this.columns = {};","}","","","// core getter/setter properties","","Object.defineProperty(Columns.prototype, 'flow_mode', {","    get: function() {","        return this.opts.flow === false ? 'reset' : 'push';","    },","    set: function(flow) {","        this.opts.flow = flow === 'reset' ? false : true;","    }","});","","Object.defineProperty(Columns.prototype, 'overflow', {","    get: function() {","        return this.opts.overflow;","    },","    set: function(overflow) {","        this.opts.overflow = overflow;","    }","});","","Object.defineProperty(Columns.prototype, 'margin', {","    get: function() {","        return this.opts.margin;","    },","    set: function(margin) {","        this.opts.margin = margin;","        this.view.refresh();","    }","});","","Object.defineProperty(Columns.prototype, 'header_separator', {","    get: function() {","        return this.opts.header_separator !== undefined ? this.opts.header_separator : '_';","    },","    set: function(header_separator) {","        this.opts.header_separator = header_separator;","        this.view.refresh();","    }","});","","Object.defineProperty(Columns.prototype, 'column_separator', {","    get: function() {","        return this.opts.column_separator !== undefined ? this.opts.column_separator : ' ';","    },","    set: function(column_separator) {","        this.opts.column_separator = column_separator;","        this.view.refresh();","    }","});","","","// core prototype methods","","Columns.prototype.redraw = function() {","    this.view.refresh();","};","","Columns.prototype.column = function(name) {","    return this.columns[name];","};","","Columns.prototype.addColumn = function(name, opts) {","","    if (typeof name === \"object\" && opts === undefined) {","        opts = name;","        name = undefined;","    }","","    opts = opts || {};","    opts.header = opts.header !== undefined ? opts.header : name;","","    name = name || 'column_' + (Math.random()).toString(36) + idCount++;","    this.columns[name] = new Column(this, name, opts);","    this.view.refresh();","","    return this.columns[name];","};","","Columns.prototype.removeColumn = function(name) {","    this.columns[name] = undefined;","    this.view.refresh();","};","","","module.exports = exports = {","    create: create","};",""],"l":{"6":1,"7":1,"9":1,"10":1,"12":1,"15":1,"16":0,"19":1,"21":0,"23":0,"30":0,"31":0,"32":0,"33":0,"34":0,"36":0,"37":0,"38":0,"44":1,"46":0,"49":0,"53":1,"55":0,"58":0,"62":1,"64":0,"67":0,"68":0,"72":1,"74":0,"77":0,"78":0,"82":1,"84":0,"87":0,"88":0,"95":1,"96":0,"99":1,"100":0,"103":1,"105":0,"106":0,"107":0,"110":0,"111":0,"113":0,"114":0,"115":0,"117":0,"120":1,"121":0,"122":0,"126":1}},"/home/travis/build/npmtest/node-npmtest-columns/node_modules/columns/lib/MainView.js":{"path":"/home/travis/build/npmtest/node-npmtest-columns/node_modules/columns/lib/MainView.js","s":{"1":1,"2":1,"3":1,"4":1,"5":0,"6":0,"7":1,"8":0,"9":0,"10":0,"11":0,"12":0,"13":0,"14":1,"15":0,"16":1,"17":0,"18":1,"19":0,"20":1,"21":0,"22":1,"23":0,"24":0,"25":0,"26":0,"27":0,"28":0,"29":1,"30":0,"31":0,"32":0,"33":0,"34":0,"35":1,"36":0,"37":0,"38":0,"39":0,"40":0,"41":0,"42":0,"43":0,"44":0,"45":0,"46":0,"47":0,"48":0,"49":0,"50":0,"51":0,"52":0,"53":0,"54":0,"55":0,"56":0,"57":0,"58":0,"59":0,"60":0,"61":0,"62":0,"63":0,"64":0,"65":0,"66":0,"67":0,"68":0,"69":0,"70":0,"71":0,"72":0,"73":1,"74":0,"75":0,"76":0,"77":0,"78":0,"79":1,"80":0,"81":0,"82":0,"83":1,"84":0,"85":0,"86":0,"87":1,"88":0,"89":0,"90":0,"91":0,"92":0,"93":0,"94":0,"95":0,"96":0,"97":0,"98":0,"99":0,"100":0,"101":0,"102":0,"103":1},"b":{"1":[1,0],"2":[0,0],"3":[0,0],"4":[0,0],"5":[0,0],"6":[0,0],"7":[0,0],"8":[0,0],"9":[0,0],"10":[0,0],"11":[0,0],"12":[0,0],"13":[0,0],"14":[0,0]},"f":{"1":0,"2":0,"3":0,"4":0,"5":0,"6":0,"7":0,"8":0,"9":0,"10":0,"11":0,"12":0,"13":0,"14":0,"15":0},"fnMap":{"1":{"name":"(anonymous_1)","line":5,"loc":{"start":{"line":5,"column":32},"end":{"line":5,"column":43}}},"2":{"name":"MainView","line":13,"loc":{"start":{"line":13,"column":0},"end":{"line":13,"column":40}}},"3":{"name":"(anonymous_3)","line":26,"loc":{"start":{"line":26,"column":9},"end":{"line":26,"column":20}}},"4":{"name":"(anonymous_4)","line":35,"loc":{"start":{"line":35,"column":9},"end":{"line":35,"column":20}}},"5":{"name":"(anonymous_5)","line":41,"loc":{"start":{"line":41,"column":9},"end":{"line":41,"column":20}}},"6":{"name":"(anonymous_6)","line":47,"loc":{"start":{"line":47,"column":9},"end":{"line":47,"column":20}}},"7":{"name":"(anonymous_7)","line":55,"loc":{"start":{"line":55,"column":29},"end":{"line":55,"column":40}}},"8":{"name":"(anonymous_8)","line":66,"loc":{"start":{"line":66,"column":38},"end":{"line":66,"column":49}}},"9":{"name":"(anonymous_9)","line":78,"loc":{"start":{"line":78,"column":43},"end":{"line":78,"column":54}}},"10":{"name":"(anonymous_10)","line":156,"loc":{"start":{"line":156,"column":46},"end":{"line":156,"column":57}}},"11":{"name":"(anonymous_11)","line":170,"loc":{"start":{"line":170,"column":28},"end":{"line":170,"column":39}}},"12":{"name":"trackStdout","line":181,"loc":{"start":{"line":181,"column":0},"end":{"line":181,"column":27}}},"13":{"name":"(anonymous_13)","line":184,"loc":{"start":{"line":184,"column":36},"end":{"line":184,"column":47}}},"14":{"name":"displayMode","line":193,"loc":{"start":{"line":193,"column":0},"end":{"line":193,"column":40}}},"15":{"name":"(anonymous_15)","line":201,"loc":{"start":{"line":201,"column":27},"end":{"line":201,"column":38}}}},"statementMap":{"1":{"start":{"line":1,"column":0},"end":{"line":1,"column":15}},"2":{"start":{"line":3,"column":0},"end":{"line":10,"column":1}},"3":{"start":{"line":4,"column":4},"end":{"line":4,"column":61}},"4":{"start":{"line":5,"column":4},"end":{"line":7,"column":7}},"5":{"start":{"line":6,"column":8},"end":{"line":6,"column":65}},"6":{"start":{"line":9,"column":4},"end":{"line":9,"column":42}},"7":{"start":{"line":13,"column":0},"end":{"line":23,"column":1}},"8":{"start":{"line":15,"column":4},"end":{"line":15,"column":27}},"9":{"start":{"line":17,"column":4},"end":{"line":17,"column":46}},"10":{"start":{"line":18,"column":4},"end":{"line":18,"column":40}},"11":{"start":{"line":19,"column":4},"end":{"line":19,"column":33}},"12":{"start":{"line":21,"column":4},"end":{"line":21,"column":22}},"13":{"start":{"line":22,"column":4},"end":{"line":22,"column":35}},"14":{"start":{"line":25,"column":0},"end":{"line":29,"column":3}},"15":{"start":{"line":27,"column":8},"end":{"line":27,"column":26}},"16":{"start":{"line":34,"column":0},"end":{"line":38,"column":3}},"17":{"start":{"line":36,"column":8},"end":{"line":36,"column":97}},"18":{"start":{"line":40,"column":0},"end":{"line":44,"column":3}},"19":{"start":{"line":42,"column":8},"end":{"line":42,"column":94}},"20":{"start":{"line":46,"column":0},"end":{"line":50,"column":3}},"21":{"start":{"line":48,"column":8},"end":{"line":48,"column":26}},"22":{"start":{"line":55,"column":0},"end":{"line":64,"column":2}},"23":{"start":{"line":57,"column":4},"end":{"line":57,"column":46}},"24":{"start":{"line":58,"column":4},"end":{"line":58,"column":40}},"25":{"start":{"line":59,"column":4},"end":{"line":59,"column":64}},"26":{"start":{"line":60,"column":4},"end":{"line":60,"column":36}},"27":{"start":{"line":62,"column":4},"end":{"line":62,"column":28}},"28":{"start":{"line":63,"column":4},"end":{"line":63,"column":33}},"29":{"start":{"line":66,"column":0},"end":{"line":76,"column":2}},"30":{"start":{"line":68,"column":4},"end":{"line":68,"column":32}},"31":{"start":{"line":70,"column":4},"end":{"line":75,"column":5}},"32":{"start":{"line":71,"column":8},"end":{"line":74,"column":9}},"33":{"start":{"line":72,"column":12},"end":{"line":72,"column":65}},"34":{"start":{"line":73,"column":12},"end":{"line":73,"column":75}},"35":{"start":{"line":78,"column":0},"end":{"line":154,"column":2}},"36":{"start":{"line":80,"column":4},"end":{"line":80,"column":31}},"37":{"start":{"line":82,"column":4},"end":{"line":92,"column":10}},"38":{"start":{"line":94,"column":4},"end":{"line":94,"column":88}},"39":{"start":{"line":95,"column":4},"end":{"line":95,"column":37}},"40":{"start":{"line":96,"column":4},"end":{"line":96,"column":60}},"41":{"start":{"line":97,"column":4},"end":{"line":97,"column":89}},"42":{"start":{"line":98,"column":4},"end":{"line":98,"column":57}},"43":{"start":{"line":100,"column":4},"end":{"line":123,"column":5}},"44":{"start":{"line":102,"column":8},"end":{"line":102,"column":43}},"45":{"start":{"line":103,"column":8},"end":{"line":103,"column":25}},"46":{"start":{"line":105,"column":8},"end":{"line":120,"column":9}},"47":{"start":{"line":107,"column":12},"end":{"line":107,"column":99}},"48":{"start":{"line":108,"column":12},"end":{"line":108,"column":45}},"49":{"start":{"line":109,"column":12},"end":{"line":109,"column":44}},"50":{"start":{"line":111,"column":15},"end":{"line":120,"column":9}},"51":{"start":{"line":113,"column":12},"end":{"line":113,"column":51}},"52":{"start":{"line":114,"column":12},"end":{"line":114,"column":45}},"53":{"start":{"line":118,"column":12},"end":{"line":118,"column":38}},"54":{"start":{"line":122,"column":8},"end":{"line":122,"column":40}},"55":{"start":{"line":125,"column":4},"end":{"line":125,"column":49}},"56":{"start":{"line":127,"column":4},"end":{"line":131,"column":5}},"57":{"start":{"line":128,"column":8},"end":{"line":128,"column":37}},"58":{"start":{"line":129,"column":8},"end":{"line":129,"column":37}},"59":{"start":{"line":130,"column":8},"end":{"line":130,"column":15}},"60":{"start":{"line":133,"column":4},"end":{"line":151,"column":5}},"61":{"start":{"line":135,"column":8},"end":{"line":135,"column":81}},"62":{"start":{"line":136,"column":8},"end":{"line":136,"column":79}},"63":{"start":{"line":138,"column":8},"end":{"line":141,"column":9}},"64":{"start":{"line":139,"column":12},"end":{"line":139,"column":81}},"65":{"start":{"line":140,"column":12},"end":{"line":140,"column":20}},"66":{"start":{"line":143,"column":11},"end":{"line":151,"column":5}},"67":{"start":{"line":145,"column":8},"end":{"line":145,"column":94}},"68":{"start":{"line":146,"column":8},"end":{"line":146,"column":88}},"69":{"start":{"line":147,"column":8},"end":{"line":150,"column":9}},"70":{"start":{"line":148,"column":12},"end":{"line":148,"column":128}},"71":{"start":{"line":149,"column":12},"end":{"line":149,"column":20}},"72":{"start":{"line":153,"column":4},"end":{"line":153,"column":36}},"73":{"start":{"line":156,"column":0},"end":{"line":168,"column":2}},"74":{"start":{"line":158,"column":4},"end":{"line":167,"column":5}},"75":{"start":{"line":160,"column":8},"end":{"line":160,"column":68}},"76":{"start":{"line":162,"column":8},"end":{"line":164,"column":9}},"77":{"start":{"line":163,"column":12},"end":{"line":163,"column":166}},"78":{"start":{"line":166,"column":8},"end":{"line":166,"column":22}},"79":{"start":{"line":170,"column":0},"end":{"line":176,"column":2}},"80":{"start":{"line":172,"column":4},"end":{"line":175,"column":5}},"81":{"start":{"line":173,"column":8},"end":{"line":173,"column":52}},"82":{"start":{"line":174,"column":8},"end":{"line":174,"column":73}},"83":{"start":{"line":181,"column":0},"end":{"line":188,"column":1}},"84":{"start":{"line":183,"column":4},"end":{"line":187,"column":5}},"85":{"start":{"line":184,"column":8},"end":{"line":186,"column":11}},"86":{"start":{"line":185,"column":12},"end":{"line":185,"column":27}},"87":{"start":{"line":193,"column":0},"end":{"line":220,"column":1}},"88":{"start":{"line":195,"column":4},"end":{"line":195,"column":16}},"89":{"start":{"line":196,"column":4},"end":{"line":196,"column":15}},"90":{"start":{"line":198,"column":4},"end":{"line":219,"column":5}},"91":{"start":{"line":200,"column":8},"end":{"line":200,"column":59}},"92":{"start":{"line":201,"column":8},"end":{"line":218,"column":11}},"93":{"start":{"line":202,"column":12},"end":{"line":202,"column":57}},"94":{"start":{"line":204,"column":12},"end":{"line":217,"column":13}},"95":{"start":{"line":205,"column":16},"end":{"line":216,"column":17}},"96":{"start":{"line":207,"column":20},"end":{"line":207,"column":69}},"97":{"start":{"line":208,"column":20},"end":{"line":208,"column":108}},"98":{"start":{"line":209,"column":20},"end":{"line":209,"column":72}},"99":{"start":{"line":210,"column":20},"end":{"line":210,"column":108}},"100":{"start":{"line":212,"column":20},"end":{"line":214,"column":21}},"101":{"start":{"line":213,"column":24},"end":{"line":213,"column":63}},"102":{"start":{"line":215,"column":20},"end":{"line":215,"column":52}},"103":{"start":{"line":223,"column":0},"end":{"line":223,"column":36}}},"branchMap":{"1":{"line":3,"type":"if","locations":[{"start":{"line":3,"column":0},"end":{"line":3,"column":0}},{"start":{"line":3,"column":0},"end":{"line":3,"column":0}}]},"2":{"line":71,"type":"if","locations":[{"start":{"line":71,"column":8},"end":{"line":71,"column":8}},{"start":{"line":71,"column":8},"end":{"line":71,"column":8}}]},"3":{"line":105,"type":"if","locations":[{"start":{"line":105,"column":8},"end":{"line":105,"column":8}},{"start":{"line":105,"column":8},"end":{"line":105,"column":8}}]},"4":{"line":111,"type":"if","locations":[{"start":{"line":111,"column":15},"end":{"line":111,"column":15}},{"start":{"line":111,"column":15},"end":{"line":111,"column":15}}]},"5":{"line":127,"type":"if","locations":[{"start":{"line":127,"column":4},"end":{"line":127,"column":4}},{"start":{"line":127,"column":4},"end":{"line":127,"column":4}}]},"6":{"line":133,"type":"if","locations":[{"start":{"line":133,"column":4},"end":{"line":133,"column":4}},{"start":{"line":133,"column":4},"end":{"line":133,"column":4}}]},"7":{"line":139,"type":"cond-expr","locations":[{"start":{"line":139,"column":74},"end":{"line":139,"column":75}},{"start":{"line":139,"column":78},"end":{"line":139,"column":79}}]},"8":{"line":143,"type":"if","locations":[{"start":{"line":143,"column":11},"end":{"line":143,"column":11}},{"start":{"line":143,"column":11},"end":{"line":143,"column":11}}]},"9":{"line":148,"type":"cond-expr","locations":[{"start":{"line":148,"column":121},"end":{"line":148,"column":122}},{"start":{"line":148,"column":125},"end":{"line":148,"column":126}}]},"10":{"line":158,"type":"if","locations":[{"start":{"line":158,"column":4},"end":{"line":158,"column":4}},{"start":{"line":158,"column":4},"end":{"line":158,"column":4}}]},"11":{"line":174,"type":"cond-expr","locations":[{"start":{"line":174,"column":59},"end":{"line":174,"column":63}},{"start":{"line":174,"column":66},"end":{"line":174,"column":71}}]},"12":{"line":183,"type":"if","locations":[{"start":{"line":183,"column":4},"end":{"line":183,"column":4}},{"start":{"line":183,"column":4},"end":{"line":183,"column":4}}]},"13":{"line":198,"type":"if","locations":[{"start":{"line":198,"column":4},"end":{"line":198,"column":4}},{"start":{"line":198,"column":4},"end":{"line":198,"column":4}}]},"14":{"line":204,"type":"if","locations":[{"start":{"line":204,"column":12},"end":{"line":204,"column":12}},{"start":{"line":204,"column":12},"end":{"line":204,"column":12}}]}},"code":["var empty_line;","","if (process.stdout.isTTY) {","    empty_line = new Array(process.stdout.columns).join(' ');","    process.stdout.on('resize', function() {","        empty_line = new Array(process.stdout.columns).join(' ');","    });","} else {","    empty_line = new Array(500).join(' ');","}","","","function MainView(columns, mode, print) {","","    this.columns = columns;","","    this.tty_columns = process.stdout.columns;","    this.tty_rows = process.stdout.rows;","    this.empty_line = empty_line;","","    trackStdout(this);","    displayMode(this, mode, print);","}","","Object.defineProperty(MainView, 'empty_line', {","    get: function() {","        return empty_line;","    }","});","","","// main view getter/setter properties","","Object.defineProperty(MainView.prototype, 'width', {","    get: function() {","        return this.tty_columns - this.columns.opts.margin.left - this.columns.opts.margin.right;","    }","});","","Object.defineProperty(MainView.prototype, 'height', {","    get: function() {","        return this.tty_rows - this.columns.opts.margin.top - this.columns.opts.margin.bottom;","    }","});","","Object.defineProperty(MainView.prototype, 'empty_line', {","    get: function() {","        return empty_line;","    }","});","","","// main view prototype methods","","MainView.prototype.refresh = function() {","","    this.tty_columns = process.stdout.columns;","    this.tty_rows = process.stdout.rows;","    this.empty_line = new Array(this.tty_columns + 1).join(' ');","    process.stdout.write('\\033[2J');","","    this.buildColumnArray();","    this.calculateColumnWidths();","};","","MainView.prototype.buildColumnArray = function() {","","    this.column_view_array = [];","","    for (var column_name in this.columns.columns) {","        if (this.columns.columns[column_name] !== undefined) {","            this.columns.columns[column_name].displaying = false;","            this.column_view_array.push(this.columns.columns[column_name]);","        }","    }","};","","MainView.prototype.calculateColumnWidths = function() {","","    var columns = this.columns;","","    var column, column_width,","        separator_size = columns.column_separator.length,","        total_width = this.width,","        number_of_column_views = this.column_view_array.length,","        flex_columns = [],","        percentage_columns = [],","        min_width = 5,","        number_of_flex_columns = 0,","        flex_column_width,","        extra,","        i;","","    var available_width = total_width - (separator_size * (number_of_column_views - 1));","    var main_width = available_width;","    var separator_percentage = separator_size / total_width;","    var total_separator_percentage = separator_percentage * (number_of_column_views - 1);","    var percentage_left = 1 - total_separator_percentage;","","    for (i = 0; i < this.column_view_array.length; i++) {","","        column = this.column_view_array[i];","        column_width = 0;","","        if (column.opts.percentage_width) {","","            column_width = Math.floor(column.opts.percentage_width * percentage_left * main_width);","            column.view.width = column_width;","            percentage_columns.push(column);","","        } else if (column.opts.fixed_width) {","","            column_width = column.opts.fixed_width;","            column.view.width = column_width;","","        } else {","","            flex_columns.push(column);","","        }","","        available_width -= column_width;","    }","","    number_of_flex_columns = flex_columns.length;","","    if (available_width - (number_of_flex_columns * min_width) < 0) {","        this.column_view_array.pop();","        this.calculateColumnWidths();","        return;","    }","","    if (number_of_flex_columns > 0) {","","        flex_column_width = Math.floor(available_width / number_of_flex_columns);","        extra = available_width - (flex_column_width * number_of_flex_columns);","","        for (i = 0; i < number_of_flex_columns; i++) {","            flex_columns[i].view.width = flex_column_width + (extra > 0 ? 1 : 0);","            extra--;","        }","","    } else if (percentage_columns.length > 0) {","","        var percentage_column_extra = Math.floor(available_width / percentage_columns.length);","        extra = available_width - (percentage_column_extra * percentage_columns.length);","        for (i = 0; i < percentage_columns.length; i++) {","            percentage_columns[i].view.width = percentage_columns[i].view.width + percentage_column_extra + (extra > 0 ? 1 : 0);","            extra--;","        }","    }","","    this.calculateColumnPositions();","};","","MainView.prototype.calculateColumnPositions = function() {","","    if (this.column_view_array.length > 0) {","","        this.column_view_array[0].view.x = this.columns.margin.left;","","        for (var 
[...]
"column":49}},"155":{"start":{"line":301,"column":4},"end":{"line":303,"column":5}},"156":{"start":{"line":302,"column":8},"end":{"line":302,"column":38}},"157":{"start":{"line":306,"column":0},"end":{"line":311,"column":2}},"158":{"start":{"line":307,"column":4},"end":{"line":307,"column":59}},"159":{"start":{"line":308,"column":4},"end":{"line":310,"column":5}},"160":{"start":{"line":309,"column":8},"end":{"line":309,"column":34}},"161":{"start":{"line":313,"column":0},"end":{"line":316,"column":2}},"162":{"start":{"line":314,"column":4},"end":{"line":314,"column":28}},"163":{"start":{"line":315,"column":4},"end":{"line":315,"column":44}},"164":{"start":{"line":318,"column":0},"end":{"line":333,"column":2}},"165":{"start":{"line":320,"column":4},"end":{"line":320,"column":88}},"166":{"start":{"line":322,"column":4},"end":{"line":325,"column":5}},"167":{"start":{"line":323,"column":8},"end":{"line":323,"column":31}},"168":{"start":{"line":324,"column":8},"end":{"line":324,"column":15}},"169":{"start":{"line":327,"column":4},"end":{"line":327,"column":28}},"170":{"start":{"line":328,"column":4},"end":{"line":328,"column":49}},"171":{"start":{"line":330,"column":4},"end":{"line":332,"column":5}},"172":{"start":{"line":331,"column":8},"end":{"line":331,"column":38}},"173":{"start":{"line":335,"column":0},"end":{"line":343,"column":2}},"174":{"start":{"line":337,"column":4},"end":{"line":339,"column":5}},"175":{"start":{"line":338,"column":8},"end":{"line":338,"column":29}},"176":{"start":{"line":341,"column":4},"end":{"line":341,"column":32}},"177":{"start":{"line":342,"column":4},"end":{"line":342,"column":31}},"178":{"start":{"line":345,"column":0},"end":{"line":350,"column":2}},"179":{"start":{"line":347,"column":4},"end":{"line":347,"column":37}},"180":{"start":{"line":348,"column":4},"end":{"line":348,"column":24}},"181":{"start":{"line":349,"column":4},"end":{"line":349,"column":19}},"182":{"start":{"line":352,"column":0},"end":{"line":359,"column":2}},"183":{"start":{"line":354,"column":4},"end":{"line":354,"column":36}},"184":{"start":{"line":356,"column":4},"end":{"line":358,"column":5}},"185":{"start":{"line":357,"column":8},"end":{"line":357,"column":32}},"186":{"start":{"line":361,"column":0},"end":{"line":363,"column":2}},"187":{"start":{"line":362,"column":4},"end":{"line":362,"column":52}},"188":{"start":{"line":368,"column":0},"end":{"line":370,"column":1}},"189":{"start":{"line":369,"column":4},"end":{"line":369,"column":34}},"190":{"start":{"line":372,"column":0},"end":{"line":374,"column":1}},"191":{"start":{"line":373,"column":4},"end":{"line":373,"column":31}},"192":{"start":{"line":377,"column":0},"end":{"line":377,"column":38}}},"branchMap":{"1":{"line":26,"type":"cond-expr","locations":[{"start":{"line":26,"column":51},"end":{"line":26,"column":52}},{"start":{"line":26,"column":55},"end":{"line":26,"column":57}}]},"2":{"line":27,"type":"cond-expr","locations":[{"start":{"line":27,"column":58},"end":{"line":27,"column":59}},{"start":{"line":27,"column":62},"end":{"line":27,"column":63}}]},"3":{"line":37,"type":"if","locations":[{"start":{"line":37,"column":8},"end":{"line":37,"column":8}},{"start":{"line":37,"column":8},"end":{"line":37,"column":8}}]},"4":{"line":40,"type":"cond-expr","locations":[{"start":{"line":40,"column":138},"end":{"line":40,"column":142}},{"start":{"line":40,"column":145},"end":{"line":40,"column":150}}]},"5":{"line":40,"type":"binary-expr","locations":[{"start":{"line":40,"column":25},"end":{"line":40,"column":61}},{"start":{"line":40,"column":65},"end":{"line":40,"column":100}},{"start":{"line":40,"column":104},"end":{"line":40,"column":134}}]},"6":{"line":43,"type":"if","locations":[{"start":{"line":43,"column":12},"end":{"line":43,"column":12}},{"start":{"line":43,"column":12},"end":{"line":43,"column":12}}]},"7":{"line":56,"type":"cond-expr","locations":[{"start":{"line":56,"column":46},"end":{"line":56,"column":80}},{"start":{"line":56,"column":84},"end":{"line":56,"column":85}}]},"8":{"line":56,"type":"cond-expr","locations":[{"start":{"line":56,"column":75},"end":{"line":56,"column":76}},{"start":{"line":56,"column":79},"end":{"line":56,"column":80}}]},"9":{"line":71,"type":"if","locations":[{"start":{"line":71,"column":4},"end":{"line":71,"column":4}},{"start":{"line":71,"column":4},"end":{"line":71,"column":4}}]},"10":{"line":80,"type":"if","locations":[{"start":{"line":80,"column":4},"end":{"line":80,"column":4}},{"start":{"line":80,"column":4},"end":{"line":80,"column":4}}]},"11":{"line":81,"type":"if","locations":[{"start":{"line":81,"column":8},"end":{"line":81,"column":8}},{"start":{"line":81,"column":8},"end":{"line":81,"column":8}}]},"12":{"line":91,"type":"if","locations":[{"start":{"line":91,"column":4},"end":{"line":91,"column":4}},{"start":{"line":91,"column":4},"end":{"line":91,"column":4}}]},"13":{"line":96,"type":"if","locations":[{"start":{"line":96,"column":8},"end":{"line":96,"column":8}},{"start":{"line":96,"column":8},"end":{"line":96,"column":8}}]},"14":{"line":107,"type":"if","locations":[{"start":{"line":107,"column":4},"end":{"line":107,"column":4}},{"start":{"line":107,"column":4},"end":{"line":107,"column":4}}]},"15":{"line":122,"type":"if","locations":[{"start":{"line":122,"column":4},"end":{"line":122,"column":4}},{"start":{"line":122,"column":4},"end":{"line":122,"column":4}}]},"16":{"line":131,"type":"if","locations":[{"start":{"line":131,"column":4},"end":{"line":131,"column":4}},{"start":{"line":131,"column":4},"end":{"line":131,"column":4}}]},"17":{"line":141,"type":"if","locations":[{"start":{"line":141,"column":4},"end":{"line":141,"column":4}},{"start":{"line":141,"column":4},"end":{"line":141,"column":4}}]},"18":{"line":142,"type":"if","locations":[{"start":{"line":142,"column":8},"end":{"line":142,"column":8}},{"start":{"line":142,"column":8},"end":{"line":142,"column":8}}]},"19":{"line":144,"type":"if","locations":[{"start":{"line":144,"column":15},"end":{"line":144,"column":15}},{"start":{"line":144,"column":15},"end":{"line":144,"column":15}}]},"20":{"line":148,"type":"if","locations":[{"start":{"line":148,"column":8},"end":{"line":148,"column":8}},{"start":{"line":148,"column":8},"end":{"line":148,"column":8}}]},"21":{"line":151,"type":"if","locations":[{"start":{"line":151,"column":8},"end":{"line":151,"column":8}},{"start":{"line":151,"column":8},"end":{"line":151,"column":8}}]},"22":{"line":163,"type":"if","locations":[{"start":{"line":163,"column":8},"end":{"line":163,"column":8}},{"start":{"line":163,"column":8},"end":{"line":163,"column":8}}]},"23":{"line":175,"type":"if","locations":[{"start":{"line":175,"column":8},"end":{"line":175,"column":8}},{"start":{"line":175,"column":8},"end":{"line":175,"column":8}}]},"24":{"line":183,"type":"cond-expr","locations":[{"start":{"line":183,"column":56},"end":{"line":183,"column":80}},{"start":{"line":183,"column":83},"end":{"line":183,"column":92}}]},"25":{"line":208,"type":"if","locations":[{"start":{"line":208,"column":8},"end":{"line":208,"column":8}},{"start":{"line":208,"column":8},"end":{"line":208,"column":8}}]},"26":{"line":234,"type":"if","locations":[{"start":{"line":234,"column":8},"end":{"line":234,"column":8}},{"start":{"line":234,"column":8},"end":{"line":234,"column":8}}]},"27":{"line":238,"type":"if","locations":[{"start":{"line":238,"column":12},"end":{"line":238,"column":12}},{"start":{"line":238,"column":12},"end":{"line":238,"column":12}}]},"28":{"line":273,"type":"if","locations":[{"start":{"line":273,"column":4},"end":{"line":273,"column":4}},{"start":{"line":273,"column":4},"end":{"line":273,"column":4}}]},"29":{"line":285,"type":"if","locations":[{"start":{"line":285,"column":4},"end":{"line":285,"column":4}},{"start":{"line":285,"column":4},"end":{"line":285,"column":4}}]},"30":{"line":322,"type":"if","locations":[{"start":{"line":322,"column":4},"end":{"line":322,"column":4}},{"start":{"line":322,"column":4},"end":{"line":322,"column":4}}]},"31":{"line":337,"type":"if","locations":[{"start":{"line":337,"column":4},"end":{"line":337,"column":4}},{"start":{"line":337,"column":4},"end":{"line":337,"column":4}}]},"32":{"line":356,"type":"if","locations":[{"start":{"line":356,"column":4},"end":{"line":356,"column":4}},{"start":{"line":356,"column":4},"end":{"line":356,"column":4}}]}},"code":["var heartbeats = require('heartbeats');","var ColumnLine = require('./ColumnLine');","","","function ColumnView(column) {","","    var _this = this,","        buffer = column.buffer,","        buffer_new_lines = buffer.new_lines,","        new_lines = 0,","        threshold = true;","","    this.column = column;","    this.stream = column.stream;","    this.buffer = buffer;","","    this.main = column.columns;","","    this.display_cache = [];","    this.buffer_cache = [];","","    this.wrap = column.opts.wrap;","    this.flow = this.main.opts.flow;","","    this.cursorY = 0;","    this.current_line = column.opts.raw === true ? 0 : -1;","    this.current_line_height = column.opts.raw === true ? 1 : 0;","","    this.x = 0;","    this.data_top = 0;","    this.data_height = 0;","","    this.header_separator = new Array(this.main.view.width).join(this.main.header_separator);","","    heartbeats.heart('view_refresh').createEvent(1, function(heartbeat, last) {","","        if (column.displaying === true) {","","            buffer_new_lines = buffer.new_lines;","            threshold = (buffer_new_lines < _this.data_height || buffer_new_lines - new_lines < 1000 || buffer_new_lines === new_lines) ? true : false;","            new_lines = buffer_new_lines;","","            if (threshold === true) {","                _this.renderBuffer(buffer_new_lines);","                buffer.reset();","            }","        }","    });","}","","","// column view prototype methods","","ColumnView.prototype.recalculate = function() {","","    var headerHeight = (this.column.header ? (this.main.header_separator ? 2 : 1) : 0);","","    this.data_height = this.main.view.height - headerHeight;","    this.data_top = this.main.margin.top + headerHeight;","","    this.header_separator = new Array(this.main.view.width).join(this.main.header_separator);","};","","ColumnView.prototype.redrawAll = function(separator) {","","    this.recalculate();","    this.redrawHeader();","    this.rebuildFrontDisplayCache();","    this.rebuildEndDisplayCache();","","    if (separator === true) {","        this.redrawSeparator();","    }","","    this.redraw();","};","","ColumnView.prototype.redraw = function() {","","    if (this.buffer.size > 0) {","        if (this.flow === true) {","            this.redrawDataFlow(0);","        } else {","            this.redrawDataEffeciently();","        }","    }","};","","ColumnView.prototype.redrawHeader = function() {","","    if (this.column.header) {","        cursorPos(this.x, this.main.margin.top + 0);","        writeToScreen(new ColumnLine(this.column.header).trimmed(this.width)[0]);","","","        if (this.main.header_separator) {","            cursorPos(this.x, this.main.margin.top + 1);","            writeToScreen(this.header_separator.substring(0, this.width));","        }","    }","};","","ColumnView.prototype.redrawSeparator = function() {","","    var column_separator = this.main.column_separator;","","    if (column_separator) {","        var x = this.x - column_separator.length;","","        for (var i = 0; i < this.main.view.height; i++) {","            cursorPos(x, this.main.margin.top + i);","            writeToScreen(column_separator);","        }","    }","};","","ColumnView.prototype.redrawDataFlow = function(new_lines) {","","    this.current_line += new_lines;","    this.rebuildFrontDisplayCache();","","    if (this.display_cache.length < this.data_height - 1) {","        this.fillDown(0, this.data_height - 1, 0);","    } else {","        this.fillUp(this.data_height - 1, 0, this.buffer.size - 1);","    }","};","","ColumnView.prototype.redrawDataEffeciently = function() {","","    if (this.buffer_cache.length > this.data_height) {","        this.clearToOverflow();","    } else {","        this.clear();","        this.fillUpUsingBuffer(this.buffer_cache.length, 0);","    }","};","","ColumnView.prototype.renderBuffer = function(new_lines) {","","    if (this.flow === true) {","        if (new_lines > 0) {","            this.redrawDataFlow(new_lines);","        } else if (this.buffer.current_modified === true) {","            this.redrawCurrentLineFlow();","        }","    } else {","        if (this.buffer.current_modified === true) {","            this.redrawCurrentLine();","        }","        if (new_lines > 0) {","            this.printNewLines(new_lines);","        }","    }","};","","ColumnView.prototype.rebuildFrontDisplayCache = function() {","","    this.display_cache = [];","","    for (var i = 0; i < this.current_line; i++) {","        this.display_cache = this.display_cache.concat(this.buffer.line(i).trimmed(this.width, this.wrap));","        if (this.display_cache.length > this.data_height) {","            break;","        }","    }","};","","ColumnView.prototype.rebuildEndDisplayCache = function() {","","    this.buffer_cache = [];","","    for (var i = this.current_line; i >= 0; i--) {","        this.buffer_cache = this.buffer_cache.concat(this.buffer.line(i).trimmed(this.width, this.wrap).reverse());","        if (this.buffer_cache.length > this.data_height) {","            break;","        }","    }","};","","ColumnView.prototype.fillUpUsingBuffer = function(from, to) {","","    var length = from - to > this.buffer_cache.length ? this.buffer_cache.length : from - to;","    from = length - to;","","    for (var i = 0; i < length; i++) {","        this.cursorY = from - i - 1;","        this.printLineDirect(this.buffer_cache[i]);","    }","","    this.cursorY = from;","};","","ColumnView.prototype.fillUp = function(from, to, buffer_line) {","","    var line_array = this.buffer.line(buffer_line).trimmed(this.width, this.wrap),","        i = from,","        j = line_array.length - 1,","        dest = 0;","","","    while (i >= to) {","","        this.cursorY = i;","        this.printLine(line_array[j], false);","        j--;","","        if (j < dest) {","            buffer_line--;","            line_array = this.buffer.line(buffer_line).trimmed(this.width, this.wrap);","            j = line_array.length - 1;","            dest = 0;","        }","","        i--;","    }","","    this.cursorY = from + 1;","};","","ColumnView.prototype.fillDown = function(from, to, buffer_line) {","","    var line_array = this.buffer.line(buffer_line).trimmed(this.width, this.wrap),","        i = from,","        j = 0,","        dest = line_array.length - 1;","","    while (i <= to) {","","        this.cursorY = i;","        this.printLine(line_array[j], false);","        j++;","","        if (j > dest) {","","            buffer_line++;","","            if (buffer_line > this.buffer.size - 1) break;","","            line_array = this.buffer.line(buffer_line).trimmed(this.width, this.wrap);","            j = 0;","            dest = line_array.length - 1;","        }","","        i++;","    }","};","","ColumnView.prototype.clear = function() {","","    var blank_line = this.main.view.empty_line.substring(0, this.width);","","    this.cursorY = 0;","    for (var i = 0; i < this.data_height; i++) {","        this.printLineDirect(blank_line);","    }","    this.cursorY = 0;","};","","ColumnView.prototype.clearFrom = function(from, num_lines) {","","    var blank_line = this.main.view.empty_line.substring(0, this.width);","","    for (var i = 0; i < num_lines; i++) {","        this.cursorY = from - i;","        this.printLineDirect(blank_line);","    }","    this.cursorY = from - num_lines;","};","","ColumnView.prototype.checkOverflow = function() {","","    if (this.cursorY + 1 > this.data_height) {","        this.clearToOverflow();","    }","};","","ColumnView.prototype.clearToOverflow = function() {","    this.clear();","    this.fillUpUsingBuffer(this.main.overflow, 0);","};","","ColumnView.prototype.printNewLines = function(num_lines) {","","    if (num_lines > this.data_height) {","        this.current_line += num_lines;","        this.fillUp(this.data_height - 1, 0, this.current_line);","    } else {","        for (var i = 0; i < num_lines; i++) {","            this.current_line++;","            this.printBufferLine(this.current_line);","        }","    }","};","","ColumnView.prototype.printBufferLine = function(buffer_index) {","","    var line_array = this.buffer.line(buffer_index).trimmed(this.width, this.wrap);","    this.current_line_height = line_array.length;","","    for (var i = 0; i < line_array.length; i++) {","        this.printLine(line_array[i]);","    }","};","","ColumnView.prototype.clearCurrentLine = function() {","    this.clearFrom(this.cursorY, this.current_line_height);","    for (var i = 0; i < this.current_line_height; i++) {","        this.buffer_cache.shift();","    }","};","","ColumnView.prototype.redrawCurrentLine = function() {","    this.clearCurrentLine();","    this.printBufferLine(this.current_line);","};","","ColumnView.prototype.redrawCurrentLineFlow = function() {","","    var line_array = this.buffer.line(this.current_line).trimmed(this.width, this.wrap);","","    if (this.current_line_height < line_array.length) {","        this.redrawDataFlow(0);","        return;","    }","","    this.clearCurrentLine();","    this.current_line_height = line_array.length;","","    for (var i = 0; i < line_array.length; i++) {","        this.printLine(line_array[i]);","    }","};","","ColumnView.prototype.printLine = function(line) {","","    if (this.flow === false) {","        this.checkOverflow();","    }","","    this.addToBufferCache(line);","    this.printLineDirect(line);","};","","ColumnView.prototype.printLineDirect = function(line) {","","    this.dataCursorPos(this.cursorY);","    writeToScreen(line);","    this.cursorY++;","};","","ColumnView.prototype.addToBufferCache = function(line) {","","    this.buffer_cache.unshift(line);","","    if (this.buffer_cache.length > this.data_height) {","        this.buffer_cache.pop();","    }","};","","ColumnView.prototype.dataCursorPos = function(y) {","    cursorPos(this.x, this.cursorY + this.data_top);","};","","","// helper methods","","function cursorPos(x, y) {","    process.stdout.cursorTo(x, y);","}","","function writeToScreen(line) {","    process.stdout.write(line);","}","","","module.exports = exports = ColumnView;",""],"l":{"1":1,"2":1,"5":1,"7":0,"13":0,"14":0,"15":0,"17":0,"19":0,"20":0,"22":0,"23":0,"25":0,"26":0,"27":0,"29":0,"30":0,"31":0,"33":0,"35":0,"37":0,"39":0,"40":0,"41":0,"43":0,"44":0,"45":0,"54":1,"56":0,"58":0,"59":0,"61":0,"64":1,"66":0,"67":0,"68":0,"69":0,"71":0,"72":0,"75":0,"78":1,"80":0,"81":0,"82":0,"84":0,"89":1,"91":0,"92":0,"93":0,"96":0,"97":0,"98":0,"103":1,"105":0,"107":0,"108":0,"110":0,"111":0,"112":0,"117":1,"119":0,"120":0,"122":0,"123":0,"125":0,"129":1,"131":0,"132":0,"134":0,"135":0,"139":1,"141":0,"142":0,"143":0,"144":0,"145":0,"148":0,"149":0,"151":0,"152":0,"157":1,"159":0,"161":0,"162":0,"163":0,"164":0,"169":1,"171":0,"173":0,"174":0,"175":0,"176":0,"181":1,"183":0,"184":0,"186":0,"187":0,"188":0,"191":0,"194":1,"196":0,"202":0,"204":0,"205":0,"206":0,"208":0,"209":0,"210":0,"211":0,"212":0,"215":0,"218":0,"221":1,"223":0,"228":0,"230":0,"231":0,"232":0,"234":0,"236":0,"238":0,"240":0,"241":0,"242":0,"245":0,"249":1,"251":0,"253":0,"254":0,"255":0,"257":0,"260":1,"262":0,"264":0,"265":0,"266":0,"268":0,"271":1,"273":0,"274":0,"278":1,"279":0,"280":0,"283":1,"285":0,"286":0,"287":0,"289":0,"290":0,"291":0,"296":1,"298":0,"299":0,"301":0,"302":0,"306":1,"307":0,"308":0,"309":0,"313":1,"314":0,"315":0,"318":1,"320":0,"322":0,"323":0,"324":0,"327":0,"328":0,"330":0,"331":0,"335":1,"337":0,"338":0,"341":0,"342":0,"345":1,"347":0,"348":0,"349":0,"352":1,"354":0,"356":0,"357":0,"361":1,"362":0,"368":1,"369":0,"372":1,"373":0,"377":1}}}